{"/Users/danielmolloy/Documents/projects/portfolio/routinee/RealmContext.tsx": {"path":"/Users/danielmolloy/Documents/projects/portfolio/routinee/RealmContext.tsx","statementMap":{"0":{"start":{"line":4,"column":28},"end":{"line":4,"column":61}},"1":{"start":{"line":6,"column":24},"end":{"line":6,"column":54}},"2":{"start":{"line":6,"column":30},"end":{"line":6,"column":54}}},"fnMap":{"0":{"name":"(anonymous_0)","decl":{"start":{"line":6,"column":24},"end":{"line":6,"column":25}},"loc":{"start":{"line":6,"column":30},"end":{"line":6,"column":54}},"line":6}},"branchMap":{},"s":{"0":0,"1":0,"2":0},"f":{"0":0},"b":{}}
,"/Users/danielmolloy/Documents/projects/portfolio/routinee/declarations.d.ts": {"path":"/Users/danielmolloy/Documents/projects/portfolio/routinee/declarations.d.ts","statementMap":{},"fnMap":{},"branchMap":{},"s":{},"f":{},"b":{}}
,"/Users/danielmolloy/Documents/projects/portfolio/routinee/realm.ts": {"path":"/Users/danielmolloy/Documents/projects/portfolio/routinee/realm.ts","statementMap":{"0":{"start":{"line":12,"column":18},"end":{"line":22,"column":3}},"1":{"start":{"line":25,"column":14},"end":{"line":25,"column":65}}},"fnMap":{},"branchMap":{},"s":{"0":0,"1":0},"f":{},"b":{}}
,"/Users/danielmolloy/Documents/projects/portfolio/routinee/.expo/metro/polyfill.js": {"path":"/Users/danielmolloy/Documents/projects/portfolio/routinee/.expo/metro/polyfill.js","statementMap":{"0":{"start":{"line":1,"column":0},"end":{"line":1,"column":81}},"1":{"start":{"line":1,"column":76},"end":{"line":1,"column":80}}},"fnMap":{"0":{"name":"(anonymous_0)","decl":{"start":{"line":1,"column":70},"end":{"line":1,"column":71}},"loc":{"start":{"line":1,"column":76},"end":{"line":1,"column":80}},"line":1}},"branchMap":{"0":{"loc":{"start":{"line":1,"column":28},"end":{"line":1,"column":80}},"type":"cond-expr","locations":[{"start":{"line":1,"column":60},"end":{"line":1,"column":67}},{"start":{"line":1,"column":70},"end":{"line":1,"column":80}}],"line":1}},"s":{"0":0,"1":0},"f":{"0":0},"b":{"0":[0,0]}}
,"/Users/danielmolloy/Documents/projects/portfolio/routinee/.expo/metro/polyfill.native.js": {"path":"/Users/danielmolloy/Documents/projects/portfolio/routinee/.expo/metro/polyfill.native.js","statementMap":{"0":{"start":{"line":1,"column":0},"end":{"line":1,"column":155}},"1":{"start":{"line":1,"column":43},"end":{"line":1,"column":154}}},"fnMap":{"0":{"name":"(anonymous_0)","decl":{"start":{"line":1,"column":28},"end":{"line":1,"column":29}},"loc":{"start":{"line":1,"column":42},"end":{"line":1,"column":155}},"line":1}},"branchMap":{},"s":{"0":0,"1":0},"f":{"0":0},"b":{}}
,"/Users/danielmolloy/Documents/projects/portfolio/routinee/.expo/metro/externals/assert/index.js": {"path":"/Users/danielmolloy/Documents/projects/portfolio/routinee/.expo/metro/externals/assert/index.js","statementMap":{"0":{"start":{"line":1,"column":0},"end":{"line":1,"column":51}}},"fnMap":{},"branchMap":{},"s":{"0":0},"f":{},"b":{}}
,"/Users/danielmolloy/Documents/projects/portfolio/routinee/.expo/metro/externals/async_hooks/index.js": {"path":"/Users/danielmolloy/Documents/projects/portfolio/routinee/.expo/metro/externals/async_hooks/index.js","statementMap":{"0":{"start":{"line":1,"column":0},"end":{"line":1,"column":56}}},"fnMap":{},"branchMap":{},"s":{"0":0},"f":{},"b":{}}
,"/Users/danielmolloy/Documents/projects/portfolio/routinee/.expo/metro/externals/buffer/index.js": {"path":"/Users/danielmolloy/Documents/projects/portfolio/routinee/.expo/metro/externals/buffer/index.js","statementMap":{"0":{"start":{"line":1,"column":0},"end":{"line":1,"column":51}}},"fnMap":{},"branchMap":{},"s":{"0":0},"f":{},"b":{}}
,"/Users/danielmolloy/Documents/projects/portfolio/routinee/.expo/metro/externals/child_process/index.js": {"path":"/Users/danielmolloy/Documents/projects/portfolio/routinee/.expo/metro/externals/child_process/index.js","statementMap":{"0":{"start":{"line":1,"column":0},"end":{"line":1,"column":58}}},"fnMap":{},"branchMap":{},"s":{"0":0},"f":{},"b":{}}
,"/Users/danielmolloy/Documents/projects/portfolio/routinee/.expo/metro/externals/cluster/index.js": {"path":"/Users/danielmolloy/Documents/projects/portfolio/routinee/.expo/metro/externals/cluster/index.js","statementMap":{"0":{"start":{"line":1,"column":0},"end":{"line":1,"column":52}}},"fnMap":{},"branchMap":{},"s":{"0":0},"f":{},"b":{}}
,"/Users/danielmolloy/Documents/projects/portfolio/routinee/.expo/metro/externals/console/index.js": {"path":"/Users/danielmolloy/Documents/projects/portfolio/routinee/.expo/metro/externals/console/index.js","statementMap":{"0":{"start":{"line":1,"column":0},"end":{"line":1,"column":52}}},"fnMap":{},"branchMap":{},"s":{"0":0},"f":{},"b":{}}
,"/Users/danielmolloy/Documents/projects/portfolio/routinee/.expo/metro/externals/constants/index.js": {"path":"/Users/danielmolloy/Documents/projects/portfolio/routinee/.expo/metro/externals/constants/index.js","statementMap":{"0":{"start":{"line":1,"column":0},"end":{"line":1,"column":54}}},"fnMap":{},"branchMap":{},"s":{"0":0},"f":{},"b":{}}
,"/Users/danielmolloy/Documents/projects/portfolio/routinee/.expo/metro/externals/crypto/index.js": {"path":"/Users/danielmolloy/Documents/projects/portfolio/routinee/.expo/metro/externals/crypto/index.js","statementMap":{"0":{"start":{"line":1,"column":0},"end":{"line":1,"column":51}}},"fnMap":{},"branchMap":{},"s":{"0":0},"f":{},"b":{}}
,"/Users/danielmolloy/Documents/projects/portfolio/routinee/.expo/metro/externals/dgram/index.js": {"path":"/Users/danielmolloy/Documents/projects/portfolio/routinee/.expo/metro/externals/dgram/index.js","statementMap":{"0":{"start":{"line":1,"column":0},"end":{"line":1,"column":50}}},"fnMap":{},"branchMap":{},"s":{"0":0},"f":{},"b":{}}
,"/Users/danielmolloy/Documents/projects/portfolio/routinee/.expo/metro/externals/diagnostics_channel/index.js": {"path":"/Users/danielmolloy/Documents/projects/portfolio/routinee/.expo/metro/externals/diagnostics_channel/index.js","statementMap":{"0":{"start":{"line":1,"column":0},"end":{"line":1,"column":64}}},"fnMap":{},"branchMap":{},"s":{"0":0},"f":{},"b":{}}
,"/Users/danielmolloy/Documents/projects/portfolio/routinee/.expo/metro/externals/dns/index.js": {"path":"/Users/danielmolloy/Documents/projects/portfolio/routinee/.expo/metro/externals/dns/index.js","statementMap":{"0":{"start":{"line":1,"column":0},"end":{"line":1,"column":48}}},"fnMap":{},"branchMap":{},"s":{"0":0},"f":{},"b":{}}
,"/Users/danielmolloy/Documents/projects/portfolio/routinee/.expo/metro/externals/domain/index.js": {"path":"/Users/danielmolloy/Documents/projects/portfolio/routinee/.expo/metro/externals/domain/index.js","statementMap":{"0":{"start":{"line":1,"column":0},"end":{"line":1,"column":51}}},"fnMap":{},"branchMap":{},"s":{"0":0},"f":{},"b":{}}
,"/Users/danielmolloy/Documents/projects/portfolio/routinee/.expo/metro/externals/events/index.js": {"path":"/Users/danielmolloy/Documents/projects/portfolio/routinee/.expo/metro/externals/events/index.js","statementMap":{"0":{"start":{"line":1,"column":0},"end":{"line":1,"column":51}}},"fnMap":{},"branchMap":{},"s":{"0":0},"f":{},"b":{}}
,"/Users/danielmolloy/Documents/projects/portfolio/routinee/.expo/metro/externals/fs/index.js": {"path":"/Users/danielmolloy/Documents/projects/portfolio/routinee/.expo/metro/externals/fs/index.js","statementMap":{"0":{"start":{"line":1,"column":0},"end":{"line":1,"column":47}}},"fnMap":{},"branchMap":{},"s":{"0":0},"f":{},"b":{}}
,"/Users/danielmolloy/Documents/projects/portfolio/routinee/.expo/metro/externals/fs/promises/index.js": {"path":"/Users/danielmolloy/Documents/projects/portfolio/routinee/.expo/metro/externals/fs/promises/index.js","statementMap":{"0":{"start":{"line":1,"column":0},"end":{"line":1,"column":56}}},"fnMap":{},"branchMap":{},"s":{"0":0},"f":{},"b":{}}
,"/Users/danielmolloy/Documents/projects/portfolio/routinee/.expo/metro/externals/http/index.js": {"path":"/Users/danielmolloy/Documents/projects/portfolio/routinee/.expo/metro/externals/http/index.js","statementMap":{"0":{"start":{"line":1,"column":0},"end":{"line":1,"column":49}}},"fnMap":{},"branchMap":{},"s":{"0":0},"f":{},"b":{}}
,"/Users/danielmolloy/Documents/projects/portfolio/routinee/.expo/metro/externals/http2/index.js": {"path":"/Users/danielmolloy/Documents/projects/portfolio/routinee/.expo/metro/externals/http2/index.js","statementMap":{"0":{"start":{"line":1,"column":0},"end":{"line":1,"column":50}}},"fnMap":{},"branchMap":{},"s":{"0":0},"f":{},"b":{}}
,"/Users/danielmolloy/Documents/projects/portfolio/routinee/.expo/metro/externals/https/index.js": {"path":"/Users/danielmolloy/Documents/projects/portfolio/routinee/.expo/metro/externals/https/index.js","statementMap":{"0":{"start":{"line":1,"column":0},"end":{"line":1,"column":50}}},"fnMap":{},"branchMap":{},"s":{"0":0},"f":{},"b":{}}
,"/Users/danielmolloy/Documents/projects/portfolio/routinee/.expo/metro/externals/inspector/index.js": {"path":"/Users/danielmolloy/Documents/projects/portfolio/routinee/.expo/metro/externals/inspector/index.js","statementMap":{"0":{"start":{"line":1,"column":0},"end":{"line":1,"column":54}}},"fnMap":{},"branchMap":{},"s":{"0":0},"f":{},"b":{}}
,"/Users/danielmolloy/Documents/projects/portfolio/routinee/.expo/metro/externals/module/index.js": {"path":"/Users/danielmolloy/Documents/projects/portfolio/routinee/.expo/metro/externals/module/index.js","statementMap":{"0":{"start":{"line":1,"column":0},"end":{"line":1,"column":51}}},"fnMap":{},"branchMap":{},"s":{"0":0},"f":{},"b":{}}
,"/Users/danielmolloy/Documents/projects/portfolio/routinee/.expo/metro/externals/net/index.js": {"path":"/Users/danielmolloy/Documents/projects/portfolio/routinee/.expo/metro/externals/net/index.js","statementMap":{"0":{"start":{"line":1,"column":0},"end":{"line":1,"column":48}}},"fnMap":{},"branchMap":{},"s":{"0":0},"f":{},"b":{}}
,"/Users/danielmolloy/Documents/projects/portfolio/routinee/.expo/metro/externals/os/index.js": {"path":"/Users/danielmolloy/Documents/projects/portfolio/routinee/.expo/metro/externals/os/index.js","statementMap":{"0":{"start":{"line":1,"column":0},"end":{"line":1,"column":47}}},"fnMap":{},"branchMap":{},"s":{"0":0},"f":{},"b":{}}
,"/Users/danielmolloy/Documents/projects/portfolio/routinee/.expo/metro/externals/path/index.js": {"path":"/Users/danielmolloy/Documents/projects/portfolio/routinee/.expo/metro/externals/path/index.js","statementMap":{"0":{"start":{"line":1,"column":0},"end":{"line":1,"column":49}}},"fnMap":{},"branchMap":{},"s":{"0":0},"f":{},"b":{}}
,"/Users/danielmolloy/Documents/projects/portfolio/routinee/.expo/metro/externals/perf_hooks/index.js": {"path":"/Users/danielmolloy/Documents/projects/portfolio/routinee/.expo/metro/externals/perf_hooks/index.js","statementMap":{"0":{"start":{"line":1,"column":0},"end":{"line":1,"column":55}}},"fnMap":{},"branchMap":{},"s":{"0":0},"f":{},"b":{}}
,"/Users/danielmolloy/Documents/projects/portfolio/routinee/.expo/metro/externals/process/index.js": {"path":"/Users/danielmolloy/Documents/projects/portfolio/routinee/.expo/metro/externals/process/index.js","statementMap":{"0":{"start":{"line":1,"column":0},"end":{"line":1,"column":52}}},"fnMap":{},"branchMap":{},"s":{"0":0},"f":{},"b":{}}
,"/Users/danielmolloy/Documents/projects/portfolio/routinee/.expo/metro/externals/punycode/index.js": {"path":"/Users/danielmolloy/Documents/projects/portfolio/routinee/.expo/metro/externals/punycode/index.js","statementMap":{"0":{"start":{"line":1,"column":0},"end":{"line":1,"column":53}}},"fnMap":{},"branchMap":{},"s":{"0":0},"f":{},"b":{}}
,"/Users/danielmolloy/Documents/projects/portfolio/routinee/.expo/metro/externals/querystring/index.js": {"path":"/Users/danielmolloy/Documents/projects/portfolio/routinee/.expo/metro/externals/querystring/index.js","statementMap":{"0":{"start":{"line":1,"column":0},"end":{"line":1,"column":56}}},"fnMap":{},"branchMap":{},"s":{"0":0},"f":{},"b":{}}
,"/Users/danielmolloy/Documents/projects/portfolio/routinee/.expo/metro/externals/readline/index.js": {"path":"/Users/danielmolloy/Documents/projects/portfolio/routinee/.expo/metro/externals/readline/index.js","statementMap":{"0":{"start":{"line":1,"column":0},"end":{"line":1,"column":53}}},"fnMap":{},"branchMap":{},"s":{"0":0},"f":{},"b":{}}
,"/Users/danielmolloy/Documents/projects/portfolio/routinee/.expo/metro/externals/repl/index.js": {"path":"/Users/danielmolloy/Documents/projects/portfolio/routinee/.expo/metro/externals/repl/index.js","statementMap":{"0":{"start":{"line":1,"column":0},"end":{"line":1,"column":49}}},"fnMap":{},"branchMap":{},"s":{"0":0},"f":{},"b":{}}
,"/Users/danielmolloy/Documents/projects/portfolio/routinee/.expo/metro/externals/stream/index.js": {"path":"/Users/danielmolloy/Documents/projects/portfolio/routinee/.expo/metro/externals/stream/index.js","statementMap":{"0":{"start":{"line":1,"column":0},"end":{"line":1,"column":51}}},"fnMap":{},"branchMap":{},"s":{"0":0},"f":{},"b":{}}
,"/Users/danielmolloy/Documents/projects/portfolio/routinee/.expo/metro/externals/string_decoder/index.js": {"path":"/Users/danielmolloy/Documents/projects/portfolio/routinee/.expo/metro/externals/string_decoder/index.js","statementMap":{"0":{"start":{"line":1,"column":0},"end":{"line":1,"column":59}}},"fnMap":{},"branchMap":{},"s":{"0":0},"f":{},"b":{}}
,"/Users/danielmolloy/Documents/projects/portfolio/routinee/.expo/metro/externals/timers/index.js": {"path":"/Users/danielmolloy/Documents/projects/portfolio/routinee/.expo/metro/externals/timers/index.js","statementMap":{"0":{"start":{"line":1,"column":0},"end":{"line":1,"column":51}}},"fnMap":{},"branchMap":{},"s":{"0":0},"f":{},"b":{}}
,"/Users/danielmolloy/Documents/projects/portfolio/routinee/.expo/metro/externals/tls/index.js": {"path":"/Users/danielmolloy/Documents/projects/portfolio/routinee/.expo/metro/externals/tls/index.js","statementMap":{"0":{"start":{"line":1,"column":0},"end":{"line":1,"column":48}}},"fnMap":{},"branchMap":{},"s":{"0":0},"f":{},"b":{}}
,"/Users/danielmolloy/Documents/projects/portfolio/routinee/.expo/metro/externals/trace_events/index.js": {"path":"/Users/danielmolloy/Documents/projects/portfolio/routinee/.expo/metro/externals/trace_events/index.js","statementMap":{"0":{"start":{"line":1,"column":0},"end":{"line":1,"column":57}}},"fnMap":{},"branchMap":{},"s":{"0":0},"f":{},"b":{}}
,"/Users/danielmolloy/Documents/projects/portfolio/routinee/.expo/metro/externals/tty/index.js": {"path":"/Users/danielmolloy/Documents/projects/portfolio/routinee/.expo/metro/externals/tty/index.js","statementMap":{"0":{"start":{"line":1,"column":0},"end":{"line":1,"column":48}}},"fnMap":{},"branchMap":{},"s":{"0":0},"f":{},"b":{}}
,"/Users/danielmolloy/Documents/projects/portfolio/routinee/.expo/metro/externals/url/index.js": {"path":"/Users/danielmolloy/Documents/projects/portfolio/routinee/.expo/metro/externals/url/index.js","statementMap":{"0":{"start":{"line":1,"column":0},"end":{"line":1,"column":48}}},"fnMap":{},"branchMap":{},"s":{"0":0},"f":{},"b":{}}
,"/Users/danielmolloy/Documents/projects/portfolio/routinee/.expo/metro/externals/util/index.js": {"path":"/Users/danielmolloy/Documents/projects/portfolio/routinee/.expo/metro/externals/util/index.js","statementMap":{"0":{"start":{"line":1,"column":0},"end":{"line":1,"column":49}}},"fnMap":{},"branchMap":{},"s":{"0":0},"f":{},"b":{}}
,"/Users/danielmolloy/Documents/projects/portfolio/routinee/.expo/metro/externals/v8/index.js": {"path":"/Users/danielmolloy/Documents/projects/portfolio/routinee/.expo/metro/externals/v8/index.js","statementMap":{"0":{"start":{"line":1,"column":0},"end":{"line":1,"column":47}}},"fnMap":{},"branchMap":{},"s":{"0":0},"f":{},"b":{}}
,"/Users/danielmolloy/Documents/projects/portfolio/routinee/.expo/metro/externals/vm/index.js": {"path":"/Users/danielmolloy/Documents/projects/portfolio/routinee/.expo/metro/externals/vm/index.js","statementMap":{"0":{"start":{"line":1,"column":0},"end":{"line":1,"column":47}}},"fnMap":{},"branchMap":{},"s":{"0":0},"f":{},"b":{}}
,"/Users/danielmolloy/Documents/projects/portfolio/routinee/.expo/metro/externals/worker_threads/index.js": {"path":"/Users/danielmolloy/Documents/projects/portfolio/routinee/.expo/metro/externals/worker_threads/index.js","statementMap":{"0":{"start":{"line":1,"column":0},"end":{"line":1,"column":59}}},"fnMap":{},"branchMap":{},"s":{"0":0},"f":{},"b":{}}
,"/Users/danielmolloy/Documents/projects/portfolio/routinee/.expo/metro/externals/zlib/index.js": {"path":"/Users/danielmolloy/Documents/projects/portfolio/routinee/.expo/metro/externals/zlib/index.js","statementMap":{"0":{"start":{"line":1,"column":0},"end":{"line":1,"column":49}}},"fnMap":{},"branchMap":{},"s":{"0":0},"f":{},"b":{}}
,"/Users/danielmolloy/Documents/projects/portfolio/routinee/app/[activity].tsx": {"path":"/Users/danielmolloy/Documents/projects/portfolio/routinee/app/[activity].tsx","statementMap":{"0":{"start":{"line":18,"column":18},"end":{"line":18,"column":102}},"1":{"start":{"line":20,"column":16},"end":{"line":20,"column":30}},"2":{"start":{"line":23,"column":0},"end":{"line":27,"column":1}},"3":{"start":{"line":23,"column":13},"end":{"line":23,"column":14}},"4":{"start":{"line":24,"column":2},"end":{"line":26,"column":3}},"5":{"start":{"line":29,"column":19},"end":{"line":29,"column":46}},"6":{"start":{"line":32,"column":27},"end":{"line":40,"column":1}},"7":{"start":{"line":33,"column":20},"end":{"line":33,"column":37}},"8":{"start":{"line":34,"column":2},"end":{"line":38,"column":3}},"9":{"start":{"line":34,"column":15},"end":{"line":34,"column":16}},"10":{"start":{"line":35,"column":4},"end":{"line":37,"column":5}},"11":{"start":{"line":36,"column":6},"end":{"line":36,"column":109}},"12":{"start":{"line":36,"column":41},"end":{"line":36,"column":62}},"13":{"start":{"line":36,"column":83},"end":{"line":36,"column":107}},"14":{"start":{"line":39,"column":2},"end":{"line":39,"column":33}},"15":{"start":{"line":43,"column":23},"end":{"line":43,"column":45}},"16":{"start":{"line":44,"column":26},"end":{"line":44,"column":59}},"17":{"start":{"line":45,"column":42},"end":{"line":45,"column":66}},"18":{"start":{"line":46,"column":34},"end":{"line":46,"column":81}},"19":{"start":{"line":47,"column":46},"end":{"line":47,"column":101}},"20":{"start":{"line":48,"column":46},"end":{"line":48,"column":66}},"21":{"start":{"line":49,"column":52},"end":{"line":49,"column":84}},"22":{"start":{"line":50,"column":40},"end":{"line":50,"column":64}},"23":{"start":{"line":52,"column":33},"end":{"line":56,"column":4}},"24":{"start":{"line":59,"column":18},"end":{"line":67,"column":3}},"25":{"start":{"line":60,"column":4},"end":{"line":66,"column":5}},"26":{"start":{"line":61,"column":24},"end":{"line":61,"column":61}},"27":{"start":{"line":62,"column":6},"end":{"line":62,"column":132}},"28":{"start":{"line":62,"column":89},"end":{"line":62,"column":122}},"29":{"start":{"line":69,"column":2},"end":{"line":72,"column":8}},"30":{"start":{"line":70,"column":4},"end":{"line":70,"column":13}},"31":{"start":{"line":74,"column":2},"end":{"line":80,"column":12}},"32":{"start":{"line":75,"column":4},"end":{"line":79,"column":5}},"33":{"start":{"line":76,"column":6},"end":{"line":76,"column":97}},"34":{"start":{"line":76,"column":58},"end":{"line":76,"column":94}},"35":{"start":{"line":77,"column":11},"end":{"line":79,"column":5}},"36":{"start":{"line":78,"column":6},"end":{"line":78,"column":47}},"37":{"start":{"line":83,"column":25},"end":{"line":95,"column":3}},"38":{"start":{"line":84,"column":4},"end":{"line":94,"column":5}},"39":{"start":{"line":85,"column":24},"end":{"line":85,"column":61}},"40":{"start":{"line":86,"column":6},"end":{"line":90,"column":7}},"41":{"start":{"line":87,"column":24},"end":{"line":87,"column":115}},"42":{"start":{"line":87,"column":80},"end":{"line":87,"column":113}},"43":{"start":{"line":88,"column":8},"end":{"line":88,"column":55}},"44":{"start":{"line":89,"column":8},"end":{"line":89,"column":27}},"45":{"start":{"line":92,"column":6},"end":{"line":92,"column":14}},"46":{"start":{"line":97,"column":23},"end":{"line":106,"column":3}},"47":{"start":{"line":98,"column":4},"end":{"line":105,"column":7}},"48":{"start":{"line":101,"column":23},"end":{"line":101,"column":52}},"49":{"start":{"line":104,"column":34},"end":{"line":104,"column":50}},"50":{"start":{"line":108,"column":31},"end":{"line":110,"column":3}},"51":{"start":{"line":109,"column":4},"end":{"line":109,"column":116}},"52":{"start":{"line":109,"column":35},"end":{"line":109,"column":108}},"53":{"start":{"line":113,"column":29},"end":{"line":124,"column":3}},"54":{"start":{"line":114,"column":4},"end":{"line":122,"column":5}},"55":{"start":{"line":115,"column":6},"end":{"line":115,"column":27}},"56":{"start":{"line":116,"column":6},"end":{"line":116,"column":47}},"57":{"start":{"line":118,"column":11},"end":{"line":122,"column":5}},"58":{"start":{"line":119,"column":6},"end":{"line":119,"column":32}},"59":{"start":{"line":120,"column":6},"end":{"line":120,"column":90}},"60":{"start":{"line":120,"column":58},"end":{"line":120,"column":87}},"61":{"start":{"line":126,"column":25},"end":{"line":160,"column":3}},"62":{"start":{"line":127,"column":26},"end":{"line":132,"column":5}},"63":{"start":{"line":133,"column":20},"end":{"line":133,"column":70}},"64":{"start":{"line":133,"column":44},"end":{"line":133,"column":69}},"65":{"start":{"line":134,"column":4},"end":{"line":137,"column":5}},"66":{"start":{"line":135,"column":6},"end":{"line":136,"column":30}},"67":{"start":{"line":138,"column":4},"end":{"line":157,"column":5}},"68":{"start":{"line":139,"column":6},"end":{"line":139,"column":69}},"69":{"start":{"line":140,"column":11},"end":{"line":157,"column":5}},"70":{"start":{"line":141,"column":6},"end":{"line":141,"column":72}},"71":{"start":{"line":142,"column":11},"end":{"line":157,"column":5}},"72":{"start":{"line":143,"column":6},"end":{"line":143,"column":70}},"73":{"start":{"line":145,"column":6},"end":{"line":145,"column":51}},"74":{"start":{"line":159,"column":4},"end":{"line":159,"column":19}},"75":{"start":{"line":162,"column":21},"end":{"line":169,"column":3}},"76":{"start":{"line":163,"column":22},"end":{"line":163,"column":36}},"77":{"start":{"line":164,"column":4},"end":{"line":168,"column":5}},"78":{"start":{"line":165,"column":6},"end":{"line":165,"column":109}},"79":{"start":{"line":166,"column":11},"end":{"line":168,"column":5}},"80":{"start":{"line":167,"column":6},"end":{"line":167,"column":110}},"81":{"start":{"line":171,"column":27},"end":{"line":177,"column":3}},"82":{"start":{"line":172,"column":4},"end":{"line":174,"column":5}},"83":{"start":{"line":173,"column":6},"end":{"line":173,"column":40}},"84":{"start":{"line":175,"column":6},"end":{"line":175,"column":34}},"85":{"start":{"line":180,"column":2},"end":{"line":184,"column":3}},"86":{"start":{"line":181,"column":4},"end":{"line":183,"column":5}},"87":{"start":{"line":185,"column":2},"end":{"line":189,"column":3}},"88":{"start":{"line":186,"column":4},"end":{"line":188,"column":5}},"89":{"start":{"line":190,"column":2},"end":{"line":323,"column":3}},"90":{"start":{"line":209,"column":43},"end":{"line":209,"column":61}},"91":{"start":{"line":214,"column":41},"end":{"line":214,"column":59}},"92":{"start":{"line":235,"column":8},"end":{"line":239,"column":27}},"93":{"start":{"line":235,"column":85},"end":{"line":235,"column":106}},"94":{"start":{"line":248,"column":153},"end":{"line":248,"column":176}},"95":{"start":{"line":253,"column":155},"end":{"line":253,"column":179}},"96":{"start":{"line":263,"column":64},"end":{"line":263,"column":78}},"97":{"start":{"line":264,"column":118},"end":{"line":264,"column":145}},"98":{"start":{"line":271,"column":10},"end":{"line":273,"column":17}},"99":{"start":{"line":279,"column":8},"end":{"line":281,"column":31}},"100":{"start":{"line":279,"column":55},"end":{"line":279,"column":80}},"101":{"start":{"line":280,"column":70},"end":{"line":280,"column":87}},"102":{"start":{"line":288,"column":71},"end":{"line":288,"column":90}},"103":{"start":{"line":294,"column":71},"end":{"line":294,"column":89}},"104":{"start":{"line":298,"column":118},"end":{"line":298,"column":151}},"105":{"start":{"line":313,"column":68},"end":{"line":313,"column":82}},"106":{"start":{"line":327,"column":19},"end":{"line":333,"column":1}},"107":{"start":{"line":337,"column":15},"end":{"line":499,"column":2}}},"fnMap":{"0":{"name":"(anonymous_0)","decl":{"start":{"line":32,"column":27},"end":{"line":32,"column":28}},"loc":{"start":{"line":32,"column":62},"end":{"line":40,"column":1}},"line":32},"1":{"name":"(anonymous_1)","decl":{"start":{"line":36,"column":36},"end":{"line":36,"column":37}},"loc":{"start":{"line":36,"column":41},"end":{"line":36,"column":62}},"line":36},"2":{"name":"(anonymous_2)","decl":{"start":{"line":36,"column":72},"end":{"line":36,"column":73}},"loc":{"start":{"line":36,"column":83},"end":{"line":36,"column":107}},"line":36},"3":{"name":"Activity","decl":{"start":{"line":42,"column":24},"end":{"line":42,"column":32}},"loc":{"start":{"line":42,"column":35},"end":{"line":324,"column":1}},"line":42},"4":{"name":"(anonymous_4)","decl":{"start":{"line":59,"column":18},"end":{"line":59,"column":19}},"loc":{"start":{"line":59,"column":30},"end":{"line":67,"column":3}},"line":59},"5":{"name":"(anonymous_5)","decl":{"start":{"line":62,"column":68},"end":{"line":62,"column":69}},"loc":{"start":{"line":62,"column":89},"end":{"line":62,"column":122}},"line":62},"6":{"name":"(anonymous_6)","decl":{"start":{"line":69,"column":12},"end":{"line":69,"column":13}},"loc":{"start":{"line":69,"column":18},"end":{"line":72,"column":3}},"line":69},"7":{"name":"(anonymous_7)","decl":{"start":{"line":74,"column":12},"end":{"line":74,"column":13}},"loc":{"start":{"line":74,"column":18},"end":{"line":80,"column":3}},"line":74},"8":{"name":"(anonymous_8)","decl":{"start":{"line":76,"column":53},"end":{"line":76,"column":54}},"loc":{"start":{"line":76,"column":58},"end":{"line":76,"column":94}},"line":76},"9":{"name":"(anonymous_9)","decl":{"start":{"line":83,"column":25},"end":{"line":83,"column":26}},"loc":{"start":{"line":83,"column":37},"end":{"line":95,"column":3}},"line":83},"10":{"name":"(anonymous_10)","decl":{"start":{"line":87,"column":68},"end":{"line":87,"column":69}},"loc":{"start":{"line":87,"column":80},"end":{"line":87,"column":113}},"line":87},"11":{"name":"(anonymous_11)","decl":{"start":{"line":97,"column":23},"end":{"line":97,"column":24}},"loc":{"start":{"line":97,"column":34},"end":{"line":106,"column":3}},"line":97},"12":{"name":"(anonymous_12)","decl":{"start":{"line":101,"column":17},"end":{"line":101,"column":18}},"loc":{"start":{"line":101,"column":23},"end":{"line":101,"column":52}},"line":101},"13":{"name":"(anonymous_13)","decl":{"start":{"line":104,"column":28},"end":{"line":104,"column":29}},"loc":{"start":{"line":104,"column":34},"end":{"line":104,"column":50}},"line":104},"14":{"name":"(anonymous_14)","decl":{"start":{"line":108,"column":31},"end":{"line":108,"column":32}},"loc":{"start":{"line":108,"column":80},"end":{"line":110,"column":3}},"line":108},"15":{"name":"(anonymous_15)","decl":{"start":{"line":109,"column":30},"end":{"line":109,"column":31}},"loc":{"start":{"line":109,"column":35},"end":{"line":109,"column":108}},"line":109},"16":{"name":"(anonymous_16)","decl":{"start":{"line":113,"column":29},"end":{"line":113,"column":30}},"loc":{"start":{"line":113,"column":56},"end":{"line":124,"column":3}},"line":113},"17":{"name":"(anonymous_17)","decl":{"start":{"line":120,"column":53},"end":{"line":120,"column":54}},"loc":{"start":{"line":120,"column":58},"end":{"line":120,"column":87}},"line":120},"18":{"name":"(anonymous_18)","decl":{"start":{"line":126,"column":25},"end":{"line":126,"column":26}},"loc":{"start":{"line":126,"column":71},"end":{"line":160,"column":3}},"line":126},"19":{"name":"(anonymous_19)","decl":{"start":{"line":133,"column":39},"end":{"line":133,"column":40}},"loc":{"start":{"line":133,"column":44},"end":{"line":133,"column":69}},"line":133},"20":{"name":"(anonymous_20)","decl":{"start":{"line":162,"column":21},"end":{"line":162,"column":22}},"loc":{"start":{"line":162,"column":42},"end":{"line":169,"column":3}},"line":162},"21":{"name":"(anonymous_21)","decl":{"start":{"line":171,"column":27},"end":{"line":171,"column":28}},"loc":{"start":{"line":171,"column":33},"end":{"line":177,"column":3}},"line":171},"22":{"name":"(anonymous_22)","decl":{"start":{"line":209,"column":37},"end":{"line":209,"column":38}},"loc":{"start":{"line":209,"column":43},"end":{"line":209,"column":61}},"line":209},"23":{"name":"(anonymous_23)","decl":{"start":{"line":214,"column":35},"end":{"line":214,"column":36}},"loc":{"start":{"line":214,"column":41},"end":{"line":214,"column":59}},"line":214},"24":{"name":"(anonymous_24)","decl":{"start":{"line":234,"column":41},"end":{"line":234,"column":42}},"loc":{"start":{"line":235,"column":8},"end":{"line":239,"column":27}},"line":235},"25":{"name":"(anonymous_25)","decl":{"start":{"line":235,"column":79},"end":{"line":235,"column":80}},"loc":{"start":{"line":235,"column":85},"end":{"line":235,"column":106}},"line":235},"26":{"name":"(anonymous_26)","decl":{"start":{"line":248,"column":147},"end":{"line":248,"column":148}},"loc":{"start":{"line":248,"column":153},"end":{"line":248,"column":176}},"line":248},"27":{"name":"(anonymous_27)","decl":{"start":{"line":253,"column":149},"end":{"line":253,"column":150}},"loc":{"start":{"line":253,"column":155},"end":{"line":253,"column":179}},"line":253},"28":{"name":"(anonymous_28)","decl":{"start":{"line":263,"column":57},"end":{"line":263,"column":58}},"loc":{"start":{"line":263,"column":64},"end":{"line":263,"column":78}},"line":263},"29":{"name":"(anonymous_29)","decl":{"start":{"line":264,"column":113},"end":{"line":264,"column":114}},"loc":{"start":{"line":264,"column":118},"end":{"line":264,"column":145}},"line":264},"30":{"name":"(anonymous_30)","decl":{"start":{"line":270,"column":81},"end":{"line":270,"column":82}},"loc":{"start":{"line":271,"column":10},"end":{"line":273,"column":17}},"line":271},"31":{"name":"(anonymous_31)","decl":{"start":{"line":278,"column":19},"end":{"line":278,"column":20}},"loc":{"start":{"line":279,"column":8},"end":{"line":281,"column":31}},"line":279},"32":{"name":"(anonymous_32)","decl":{"start":{"line":279,"column":49},"end":{"line":279,"column":50}},"loc":{"start":{"line":279,"column":55},"end":{"line":279,"column":80}},"line":279},"33":{"name":"(anonymous_33)","decl":{"start":{"line":280,"column":65},"end":{"line":280,"column":66}},"loc":{"start":{"line":280,"column":70},"end":{"line":280,"column":87}},"line":280},"34":{"name":"(anonymous_34)","decl":{"start":{"line":288,"column":65},"end":{"line":288,"column":66}},"loc":{"start":{"line":288,"column":71},"end":{"line":288,"column":90}},"line":288},"35":{"name":"(anonymous_35)","decl":{"start":{"line":294,"column":65},"end":{"line":294,"column":66}},"loc":{"start":{"line":294,"column":71},"end":{"line":294,"column":89}},"line":294},"36":{"name":"(anonymous_36)","decl":{"start":{"line":298,"column":113},"end":{"line":298,"column":114}},"loc":{"start":{"line":298,"column":118},"end":{"line":298,"column":151}},"line":298},"37":{"name":"(anonymous_37)","decl":{"start":{"line":313,"column":62},"end":{"line":313,"column":63}},"loc":{"start":{"line":313,"column":68},"end":{"line":313,"column":82}},"line":313}},"branchMap":{"0":{"loc":{"start":{"line":35,"column":4},"end":{"line":37,"column":5}},"type":"if","locations":[{"start":{"line":35,"column":4},"end":{"line":37,"column":5}},{"start":{},"end":{}}],"line":35},"1":{"loc":{"start":{"line":36,"column":41},"end":{"line":36,"column":62}},"type":"binary-expr","locations":[{"start":{"line":36,"column":41},"end":{"line":36,"column":49}},{"start":{"line":36,"column":53},"end":{"line":36,"column":62}}],"line":36},"2":{"loc":{"start":{"line":62,"column":13},"end":{"line":62,"column":131}},"type":"cond-expr","locations":[{"start":{"line":62,"column":33},"end":{"line":62,"column":124}},{"start":{"line":62,"column":127},"end":{"line":62,"column":131}}],"line":62},"3":{"loc":{"start":{"line":75,"column":4},"end":{"line":79,"column":5}},"type":"if","locations":[{"start":{"line":75,"column":4},"end":{"line":79,"column":5}},{"start":{"line":77,"column":11},"end":{"line":79,"column":5}}],"line":75},"4":{"loc":{"start":{"line":75,"column":8},"end":{"line":75,"column":37}},"type":"binary-expr","locations":[{"start":{"line":75,"column":8},"end":{"line":75,"column":12}},{"start":{"line":75,"column":16},"end":{"line":75,"column":37}}],"line":75},"5":{"loc":{"start":{"line":77,"column":11},"end":{"line":79,"column":5}},"type":"if","locations":[{"start":{"line":77,"column":11},"end":{"line":79,"column":5}},{"start":{},"end":{}}],"line":77},"6":{"loc":{"start":{"line":86,"column":6},"end":{"line":90,"column":7}},"type":"if","locations":[{"start":{"line":86,"column":6},"end":{"line":90,"column":7}},{"start":{},"end":{}}],"line":86},"7":{"loc":{"start":{"line":114,"column":4},"end":{"line":122,"column":5}},"type":"if","locations":[{"start":{"line":114,"column":4},"end":{"line":122,"column":5}},{"start":{"line":118,"column":11},"end":{"line":122,"column":5}}],"line":114},"8":{"loc":{"start":{"line":114,"column":8},"end":{"line":114,"column":42}},"type":"binary-expr","locations":[{"start":{"line":114,"column":8},"end":{"line":114,"column":34}},{"start":{"line":114,"column":38},"end":{"line":114,"column":42}}],"line":114},"9":{"loc":{"start":{"line":118,"column":11},"end":{"line":122,"column":5}},"type":"if","locations":[{"start":{"line":118,"column":11},"end":{"line":122,"column":5}},{"start":{},"end":{}}],"line":118},"10":{"loc":{"start":{"line":134,"column":4},"end":{"line":137,"column":5}},"type":"if","locations":[{"start":{"line":134,"column":4},"end":{"line":137,"column":5}},{"start":{},"end":{}}],"line":134},"11":{"loc":{"start":{"line":138,"column":4},"end":{"line":157,"column":5}},"type":"if","locations":[{"start":{"line":138,"column":4},"end":{"line":157,"column":5}},{"start":{"line":140,"column":11},"end":{"line":157,"column":5}}],"line":138},"12":{"loc":{"start":{"line":139,"column":33},"end":{"line":139,"column":69}},"type":"cond-expr","locations":[{"start":{"line":139,"column":43},"end":{"line":139,"column":55}},{"start":{"line":139,"column":58},"end":{"line":139,"column":69}}],"line":139},"13":{"loc":{"start":{"line":140,"column":11},"end":{"line":157,"column":5}},"type":"if","locations":[{"start":{"line":140,"column":11},"end":{"line":157,"column":5}},{"start":{"line":142,"column":11},"end":{"line":157,"column":5}}],"line":140},"14":{"loc":{"start":{"line":141,"column":33},"end":{"line":141,"column":72}},"type":"cond-expr","locations":[{"start":{"line":141,"column":43},"end":{"line":141,"column":58}},{"start":{"line":141,"column":61},"end":{"line":141,"column":72}}],"line":141},"15":{"loc":{"start":{"line":142,"column":11},"end":{"line":157,"column":5}},"type":"if","locations":[{"start":{"line":142,"column":11},"end":{"line":157,"column":5}},{"start":{"line":144,"column":11},"end":{"line":157,"column":5}}],"line":142},"16":{"loc":{"start":{"line":143,"column":33},"end":{"line":143,"column":70}},"type":"cond-expr","locations":[{"start":{"line":143,"column":43},"end":{"line":143,"column":56}},{"start":{"line":143,"column":59},"end":{"line":143,"column":70}}],"line":143},"17":{"loc":{"start":{"line":164,"column":4},"end":{"line":168,"column":5}},"type":"if","locations":[{"start":{"line":164,"column":4},"end":{"line":168,"column":5}},{"start":{"line":166,"column":11},"end":{"line":168,"column":5}}],"line":164},"18":{"loc":{"start":{"line":164,"column":8},"end":{"line":164,"column":80}},"type":"binary-expr","locations":[{"start":{"line":164,"column":8},"end":{"line":164,"column":25}},{"start":{"line":164,"column":29},"end":{"line":164,"column":80}}],"line":164},"19":{"loc":{"start":{"line":166,"column":11},"end":{"line":168,"column":5}},"type":"if","locations":[{"start":{"line":166,"column":11},"end":{"line":168,"column":5}},{"start":{},"end":{}}],"line":166},"20":{"loc":{"start":{"line":166,"column":15},"end":{"line":166,"column":107}},"type":"binary-expr","locations":[{"start":{"line":166,"column":15},"end":{"line":166,"column":33}},{"start":{"line":166,"column":37},"end":{"line":166,"column":107}}],"line":166},"21":{"loc":{"start":{"line":172,"column":4},"end":{"line":174,"column":5}},"type":"if","locations":[{"start":{"line":172,"column":4},"end":{"line":174,"column":5}},{"start":{},"end":{}}],"line":172},"22":{"loc":{"start":{"line":180,"column":2},"end":{"line":184,"column":3}},"type":"if","locations":[{"start":{"line":180,"column":2},"end":{"line":184,"column":3}},{"start":{},"end":{}}],"line":180},"23":{"loc":{"start":{"line":185,"column":2},"end":{"line":189,"column":3}},"type":"if","locations":[{"start":{"line":185,"column":2},"end":{"line":189,"column":3}},{"start":{},"end":{}}],"line":185},"24":{"loc":{"start":{"line":185,"column":6},"end":{"line":185,"column":32}},"type":"binary-expr","locations":[{"start":{"line":185,"column":6},"end":{"line":185,"column":18}},{"start":{"line":185,"column":22},"end":{"line":185,"column":32}}],"line":185},"25":{"loc":{"start":{"line":203,"column":9},"end":{"line":216,"column":27}},"type":"cond-expr","locations":[{"start":{"line":204,"column":11},"end":{"line":212,"column":26}},{"start":{"line":214,"column":8},"end":{"line":216,"column":27}}],"line":203},"26":{"loc":{"start":{"line":221,"column":7},"end":{"line":245,"column":11}},"type":"cond-expr","locations":[{"start":{"line":223,"column":8},"end":{"line":227,"column":13}},{"start":{"line":228,"column":9},"end":{"line":245,"column":11}}],"line":221},"27":{"loc":{"start":{"line":221,"column":7},"end":{"line":222,"column":46}},"type":"binary-expr","locations":[{"start":{"line":221,"column":7},"end":{"line":221,"column":18}},{"start":{"line":222,"column":6},"end":{"line":222,"column":46}}],"line":221},"28":{"loc":{"start":{"line":228,"column":9},"end":{"line":245,"column":11}},"type":"cond-expr","locations":[{"start":{"line":229,"column":8},"end":{"line":242,"column":13}},{"start":{"line":243,"column":8},"end":{"line":245,"column":11}}],"line":228},"29":{"loc":{"start":{"line":228,"column":9},"end":{"line":228,"column":62}},"type":"binary-expr","locations":[{"start":{"line":228,"column":9},"end":{"line":228,"column":20}},{"start":{"line":228,"column":24},"end":{"line":228,"column":62}}],"line":228},"30":{"loc":{"start":{"line":236,"column":23},"end":{"line":236,"column":227}},"type":"cond-expr","locations":[{"start":{"line":236,"column":46},"end":{"line":236,"column":124}},{"start":{"line":236,"column":127},"end":{"line":236,"column":227}}],"line":236},"31":{"loc":{"start":{"line":248,"column":32},"end":{"line":248,"column":136}},"type":"cond-expr","locations":[{"start":{"line":248,"column":58},"end":{"line":248,"column":118}},{"start":{"line":248,"column":120},"end":{"line":248,"column":136}}],"line":248},"32":{"loc":{"start":{"line":253,"column":33},"end":{"line":253,"column":138}},"type":"cond-expr","locations":[{"start":{"line":253,"column":60},"end":{"line":253,"column":120}},{"start":{"line":253,"column":122},"end":{"line":253,"column":138}}],"line":253},"33":{"loc":{"start":{"line":260,"column":7},"end":{"line":299,"column":13}},"type":"cond-expr","locations":[{"start":{"line":261,"column":8},"end":{"line":265,"column":13}},{"start":{"line":266,"column":8},"end":{"line":299,"column":13}}],"line":260}},"s":{"0":0,"1":0,"2":0,"3":0,"4":0,"5":0,"6":0,"7":0,"8":0,"9":0,"10":0,"11":0,"12":0,"13":0,"14":0,"15":0,"16":0,"17":0,"18":0,"19":0,"20":0,"21":0,"22":0,"23":0,"24":0,"25":0,"26":0,"27":0,"28":0,"29":0,"30":0,"31":0,"32":0,"33":0,"34":0,"35":0,"36":0,"37":0,"38":0,"39":0,"40":0,"41":0,"42":0,"43":0,"44":0,"45":0,"46":0,"47":0,"48":0,"49":0,"50":0,"51":0,"52":0,"53":0,"54":0,"55":0,"56":0,"57":0,"58":0,"59":0,"60":0,"61":0,"62":0,"63":0,"64":0,"65":0,"66":0,"67":0,"68":0,"69":0,"70":0,"71":0,"72":0,"73":0,"74":0,"75":0,"76":0,"77":0,"78":0,"79":0,"80":0,"81":0,"82":0,"83":0,"84":0,"85":0,"86":0,"87":0,"88":0,"89":0,"90":0,"91":0,"92":0,"93":0,"94":0,"95":0,"96":0,"97":0,"98":0,"99":0,"100":0,"101":0,"102":0,"103":0,"104":0,"105":0,"106":0,"107":0},"f":{"0":0,"1":0,"2":0,"3":0,"4":0,"5":0,"6":0,"7":0,"8":0,"9":0,"10":0,"11":0,"12":0,"13":0,"14":0,"15":0,"16":0,"17":0,"18":0,"19":0,"20":0,"21":0,"22":0,"23":0,"24":0,"25":0,"26":0,"27":0,"28":0,"29":0,"30":0,"31":0,"32":0,"33":0,"34":0,"35":0,"36":0,"37":0},"b":{"0":[0,0],"1":[0,0],"2":[0,0],"3":[0,0],"4":[0,0],"5":[0,0],"6":[0,0],"7":[0,0],"8":[0,0],"9":[0,0],"10":[0,0],"11":[0,0],"12":[0,0],"13":[0,0],"14":[0,0],"15":[0,0],"16":[0,0],"17":[0,0],"18":[0,0],"19":[0,0],"20":[0,0],"21":[0,0],"22":[0,0],"23":[0,0],"24":[0,0],"25":[0,0],"26":[0,0],"27":[0,0],"28":[0,0],"29":[0,0],"30":[0,0],"31":[0,0],"32":[0,0],"33":[0,0]}}
,"/Users/danielmolloy/Documents/projects/portfolio/routinee/app/_layout.tsx": {"path":"/Users/danielmolloy/Documents/projects/portfolio/routinee/app/_layout.tsx","statementMap":{"0":{"start":{"line":10,"column":2},"end":{"line":52,"column":4}},"1":{"start":{"line":55,"column":15},"end":{"line":99,"column":2}}},"fnMap":{"0":{"name":"Layout","decl":{"start":{"line":7,"column":24},"end":{"line":7,"column":30}},"loc":{"start":{"line":7,"column":33},"end":{"line":53,"column":1}},"line":7}},"branchMap":{},"s":{"0":0,"1":0},"f":{"0":0},"b":{}}
,"/Users/danielmolloy/Documents/projects/portfolio/routinee/app/create.tsx": {"path":"/Users/danielmolloy/Documents/projects/portfolio/routinee/app/create.tsx","statementMap":{"0":{"start":{"line":12,"column":24},"end":{"line":12,"column":158}},"1":{"start":{"line":20,"column":6},"end":{"line":64,"column":1}},"2":{"start":{"line":67,"column":26},"end":{"line":67,"column":38}},"3":{"start":{"line":68,"column":28},"end":{"line":68,"column":40}},"4":{"start":{"line":69,"column":26},"end":{"line":69,"column":38}},"5":{"start":{"line":70,"column":44},"end":{"line":70,"column":65}},"6":{"start":{"line":72,"column":18},"end":{"line":80,"column":3}},"7":{"start":{"line":73,"column":4},"end":{"line":79,"column":5}},"8":{"start":{"line":74,"column":24},"end":{"line":74,"column":61}},"9":{"start":{"line":75,"column":6},"end":{"line":75,"column":71}},"10":{"start":{"line":77,"column":6},"end":{"line":77,"column":14}},"11":{"start":{"line":82,"column":2},"end":{"line":84,"column":8}},"12":{"start":{"line":83,"column":4},"end":{"line":83,"column":13}},"13":{"start":{"line":87,"column":23},"end":{"line":103,"column":3}},"14":{"start":{"line":88,"column":4},"end":{"line":90,"column":5}},"15":{"start":{"line":89,"column":6},"end":{"line":89,"column":13}},"16":{"start":{"line":92,"column":4},"end":{"line":101,"column":5}},"17":{"start":{"line":93,"column":6},"end":{"line":97,"column":7}},"18":{"start":{"line":94,"column":8},"end":{"line":94,"column":83}},"19":{"start":{"line":96,"column":8},"end":{"line":96,"column":74}},"20":{"start":{"line":98,"column":6},"end":{"line":98,"column":25}},"21":{"start":{"line":100,"column":6},"end":{"line":100,"column":20}},"22":{"start":{"line":105,"column":2},"end":{"line":181,"column":3}},"23":{"start":{"line":118,"column":28},"end":{"line":118,"column":75}},"24":{"start":{"line":121,"column":7},"end":{"line":175,"column":14}},"25":{"start":{"line":163,"column":14},"end":{"line":165,"column":33}},"26":{"start":{"line":163,"column":47},"end":{"line":163,"column":66}},"27":{"start":{"line":170,"column":70},"end":{"line":170,"column":84}},"28":{"start":{"line":184,"column":15},"end":{"line":275,"column":2}}},"fnMap":{"0":{"name":"CreateActivity","decl":{"start":{"line":66,"column":24},"end":{"line":66,"column":38}},"loc":{"start":{"line":66,"column":41},"end":{"line":182,"column":1}},"line":66},"1":{"name":"(anonymous_1)","decl":{"start":{"line":72,"column":18},"end":{"line":72,"column":19}},"loc":{"start":{"line":72,"column":30},"end":{"line":80,"column":3}},"line":72},"2":{"name":"(anonymous_2)","decl":{"start":{"line":82,"column":12},"end":{"line":82,"column":13}},"loc":{"start":{"line":82,"column":18},"end":{"line":84,"column":3}},"line":82},"3":{"name":"(anonymous_3)","decl":{"start":{"line":87,"column":23},"end":{"line":87,"column":24}},"loc":{"start":{"line":87,"column":57},"end":{"line":103,"column":3}},"line":87},"4":{"name":"(anonymous_4)","decl":{"start":{"line":118,"column":18},"end":{"line":118,"column":19}},"loc":{"start":{"line":118,"column":28},"end":{"line":118,"column":75}},"line":118},"5":{"name":"(anonymous_5)","decl":{"start":{"line":120,"column":7},"end":{"line":120,"column":8}},"loc":{"start":{"line":121,"column":7},"end":{"line":175,"column":14}},"line":121},"6":{"name":"(anonymous_6)","decl":{"start":{"line":162,"column":26},"end":{"line":162,"column":27}},"loc":{"start":{"line":163,"column":14},"end":{"line":165,"column":33}},"line":163},"7":{"name":"(anonymous_7)","decl":{"start":{"line":163,"column":41},"end":{"line":163,"column":42}},"loc":{"start":{"line":163,"column":47},"end":{"line":163,"column":66}},"line":163},"8":{"name":"(anonymous_8)","decl":{"start":{"line":170,"column":64},"end":{"line":170,"column":65}},"loc":{"start":{"line":170,"column":70},"end":{"line":170,"column":84}},"line":170}},"branchMap":{"0":{"loc":{"start":{"line":75,"column":13},"end":{"line":75,"column":70}},"type":"cond-expr","locations":[{"start":{"line":75,"column":33},"end":{"line":75,"column":63}},{"start":{"line":75,"column":66},"end":{"line":75,"column":70}}],"line":75},"1":{"loc":{"start":{"line":88,"column":4},"end":{"line":90,"column":5}},"type":"if","locations":[{"start":{"line":88,"column":4},"end":{"line":90,"column":5}},{"start":{},"end":{}}],"line":88},"2":{"loc":{"start":{"line":93,"column":6},"end":{"line":97,"column":7}},"type":"if","locations":[{"start":{"line":93,"column":6},"end":{"line":97,"column":7}},{"start":{"line":95,"column":13},"end":{"line":97,"column":7}}],"line":93},"3":{"loc":{"start":{"line":164,"column":29},"end":{"line":164,"column":178}},"type":"cond-expr","locations":[{"start":{"line":164,"column":51},"end":{"line":164,"column":132}},{"start":{"line":164,"column":135},"end":{"line":164,"column":178}}],"line":164}},"s":{"0":0,"1":0,"2":0,"3":0,"4":0,"5":0,"6":0,"7":0,"8":0,"9":0,"10":0,"11":0,"12":0,"13":0,"14":0,"15":0,"16":0,"17":0,"18":0,"19":0,"20":0,"21":0,"22":0,"23":0,"24":0,"25":0,"26":0,"27":0,"28":0},"f":{"0":0,"1":0,"2":0,"3":0,"4":0,"5":0,"6":0,"7":0,"8":0},"b":{"0":[0,0],"1":[0,0],"2":[0,0],"3":[0,0]}}
,"/Users/danielmolloy/Documents/projects/portfolio/routinee/app/help.tsx": {"path":"/Users/danielmolloy/Documents/projects/portfolio/routinee/app/help.tsx","statementMap":{"0":{"start":{"line":10,"column":16},"end":{"line":45,"column":1}},"1":{"start":{"line":48,"column":36},"end":{"line":48,"column":55}},"2":{"start":{"line":49,"column":33},"end":{"line":53,"column":4}},"3":{"start":{"line":54,"column":36},"end":{"line":54,"column":48}},"4":{"start":{"line":56,"column":22},"end":{"line":73,"column":3}},"5":{"start":{"line":57,"column":4},"end":{"line":72,"column":5}},"6":{"start":{"line":58,"column":6},"end":{"line":58,"column":36}},"7":{"start":{"line":59,"column":6},"end":{"line":62,"column":13}},"8":{"start":{"line":60,"column":8},"end":{"line":60,"column":35}},"9":{"start":{"line":61,"column":8},"end":{"line":61,"column":38}},"10":{"start":{"line":63,"column":11},"end":{"line":72,"column":5}},"11":{"start":{"line":64,"column":6},"end":{"line":64,"column":37}},"12":{"start":{"line":66,"column":6},"end":{"line":69,"column":13}},"13":{"start":{"line":67,"column":8},"end":{"line":67,"column":35}},"14":{"start":{"line":68,"column":8},"end":{"line":68,"column":37}},"15":{"start":{"line":71,"column":6},"end":{"line":71,"column":13}},"16":{"start":{"line":75,"column":2},"end":{"line":77,"column":3}},"17":{"start":{"line":76,"column":4},"end":{"line":76,"column":16}},"18":{"start":{"line":80,"column":2},"end":{"line":120,"column":3}},"19":{"start":{"line":99,"column":10},"end":{"line":101,"column":17}},"20":{"start":{"line":106,"column":41},"end":{"line":106,"column":57}},"21":{"start":{"line":112,"column":41},"end":{"line":112,"column":57}},"22":{"start":{"line":123,"column":15},"end":{"line":183,"column":2}}},"fnMap":{"0":{"name":"HelpCenter","decl":{"start":{"line":47,"column":24},"end":{"line":47,"column":34}},"loc":{"start":{"line":47,"column":37},"end":{"line":121,"column":1}},"line":47},"1":{"name":"(anonymous_1)","decl":{"start":{"line":56,"column":22},"end":{"line":56,"column":23}},"loc":{"start":{"line":56,"column":44},"end":{"line":73,"column":3}},"line":56},"2":{"name":"(anonymous_2)","decl":{"start":{"line":59,"column":17},"end":{"line":59,"column":18}},"loc":{"start":{"line":59,"column":23},"end":{"line":62,"column":7}},"line":59},"3":{"name":"(anonymous_3)","decl":{"start":{"line":66,"column":17},"end":{"line":66,"column":18}},"loc":{"start":{"line":66,"column":23},"end":{"line":69,"column":7}},"line":66},"4":{"name":"(anonymous_4)","decl":{"start":{"line":98,"column":37},"end":{"line":98,"column":38}},"loc":{"start":{"line":99,"column":10},"end":{"line":101,"column":17}},"line":99},"5":{"name":"(anonymous_5)","decl":{"start":{"line":106,"column":35},"end":{"line":106,"column":36}},"loc":{"start":{"line":106,"column":41},"end":{"line":106,"column":57}},"line":106},"6":{"name":"(anonymous_6)","decl":{"start":{"line":112,"column":35},"end":{"line":112,"column":36}},"loc":{"start":{"line":112,"column":41},"end":{"line":112,"column":57}},"line":112}},"branchMap":{"0":{"loc":{"start":{"line":57,"column":4},"end":{"line":72,"column":5}},"type":"if","locations":[{"start":{"line":57,"column":4},"end":{"line":72,"column":5}},{"start":{"line":63,"column":11},"end":{"line":72,"column":5}}],"line":57},"1":{"loc":{"start":{"line":57,"column":8},"end":{"line":57,"column":58}},"type":"binary-expr","locations":[{"start":{"line":57,"column":8},"end":{"line":57,"column":24}},{"start":{"line":57,"column":28},"end":{"line":57,"column":58}}],"line":57},"2":{"loc":{"start":{"line":63,"column":11},"end":{"line":72,"column":5}},"type":"if","locations":[{"start":{"line":63,"column":11},"end":{"line":72,"column":5}},{"start":{"line":70,"column":11},"end":{"line":72,"column":5}}],"line":63},"3":{"loc":{"start":{"line":63,"column":15},"end":{"line":63,"column":48}},"type":"binary-expr","locations":[{"start":{"line":63,"column":15},"end":{"line":63,"column":31}},{"start":{"line":63,"column":35},"end":{"line":63,"column":48}}],"line":63},"4":{"loc":{"start":{"line":75,"column":2},"end":{"line":77,"column":3}},"type":"if","locations":[{"start":{"line":75,"column":2},"end":{"line":77,"column":3}},{"start":{},"end":{}}],"line":75},"5":{"loc":{"start":{"line":75,"column":6},"end":{"line":75,"column":32}},"type":"binary-expr","locations":[{"start":{"line":75,"column":6},"end":{"line":75,"column":18}},{"start":{"line":75,"column":22},"end":{"line":75,"column":32}}],"line":75}},"s":{"0":0,"1":0,"2":0,"3":0,"4":0,"5":0,"6":0,"7":0,"8":0,"9":0,"10":0,"11":0,"12":0,"13":0,"14":0,"15":0,"16":0,"17":0,"18":0,"19":0,"20":0,"21":0,"22":0},"f":{"0":0,"1":0,"2":0,"3":0,"4":0,"5":0,"6":0},"b":{"0":[0,0],"1":[0,0],"2":[0,0],"3":[0,0],"4":[0,0],"5":[0,0]}}
,"/Users/danielmolloy/Documents/projects/portfolio/routinee/app/index.tsx": {"path":"/Users/danielmolloy/Documents/projects/portfolio/routinee/app/index.tsx","statementMap":{"0":{"start":{"line":39,"column":26},"end":{"line":39,"column":54}},"1":{"start":{"line":40,"column":38},"end":{"line":40,"column":65}},"2":{"start":{"line":41,"column":32},"end":{"line":41,"column":89}},"3":{"start":{"line":42,"column":34},"end":{"line":42,"column":49}},"4":{"start":{"line":43,"column":33},"end":{"line":47,"column":4}},"5":{"start":{"line":49,"column":18},"end":{"line":57,"column":3}},"6":{"start":{"line":50,"column":4},"end":{"line":56,"column":5}},"7":{"start":{"line":51,"column":24},"end":{"line":51,"column":61}},"8":{"start":{"line":52,"column":6},"end":{"line":52,"column":28}},"9":{"start":{"line":53,"column":6},"end":{"line":53,"column":71}},"10":{"start":{"line":55,"column":6},"end":{"line":55,"column":14}},"11":{"start":{"line":59,"column":2},"end":{"line":61,"column":8}},"12":{"start":{"line":60,"column":4},"end":{"line":60,"column":13}},"13":{"start":{"line":63,"column":22},"end":{"line":85,"column":3}},"14":{"start":{"line":64,"column":21},"end":{"line":64,"column":53}},"15":{"start":{"line":64,"column":41},"end":{"line":64,"column":52}},"16":{"start":{"line":65,"column":24},"end":{"line":65,"column":61}},"17":{"start":{"line":67,"column":21},"end":{"line":67,"column":38}},"18":{"start":{"line":69,"column":4},"end":{"line":84,"column":5}},"19":{"start":{"line":70,"column":6},"end":{"line":73,"column":8}},"20":{"start":{"line":74,"column":28},"end":{"line":74,"column":67}},"21":{"start":{"line":74,"column":55},"end":{"line":74,"column":66}},"22":{"start":{"line":75,"column":22},"end":{"line":75,"column":31}},"23":{"start":{"line":76,"column":6},"end":{"line":76,"column":48}},"24":{"start":{"line":77,"column":6},"end":{"line":83,"column":7}},"25":{"start":{"line":78,"column":8},"end":{"line":78,"column":71}},"26":{"start":{"line":79,"column":8},"end":{"line":79,"column":17}},"27":{"start":{"line":80,"column":8},"end":{"line":80,"column":65}},"28":{"start":{"line":82,"column":8},"end":{"line":82,"column":22}},"29":{"start":{"line":87,"column":2},"end":{"line":89,"column":3}},"30":{"start":{"line":88,"column":4},"end":{"line":88,"column":16}},"31":{"start":{"line":93,"column":2},"end":{"line":152,"column":4}},"32":{"start":{"line":111,"column":8},"end":{"line":126,"column":15}},"33":{"start":{"line":120,"column":30},"end":{"line":120,"column":46}},"34":{"start":{"line":121,"column":23},"end":{"line":121,"column":30}},"35":{"start":{"line":122,"column":29},"end":{"line":122,"column":44}},"36":{"start":{"line":124,"column":30},"end":{"line":124,"column":46}},"37":{"start":{"line":155,"column":17},"end":{"line":165,"column":1}},"38":{"start":{"line":168,"column":15},"end":{"line":283,"column":2}}},"fnMap":{"0":{"name":"App","decl":{"start":{"line":38,"column":24},"end":{"line":38,"column":27}},"loc":{"start":{"line":38,"column":30},"end":{"line":153,"column":1}},"line":38},"1":{"name":"(anonymous_1)","decl":{"start":{"line":49,"column":18},"end":{"line":49,"column":19}},"loc":{"start":{"line":49,"column":30},"end":{"line":57,"column":3}},"line":49},"2":{"name":"(anonymous_2)","decl":{"start":{"line":59,"column":12},"end":{"line":59,"column":13}},"loc":{"start":{"line":59,"column":18},"end":{"line":61,"column":3}},"line":59},"3":{"name":"(anonymous_3)","decl":{"start":{"line":63,"column":22},"end":{"line":63,"column":23}},"loc":{"start":{"line":63,"column":44},"end":{"line":85,"column":3}},"line":63},"4":{"name":"(anonymous_4)","decl":{"start":{"line":64,"column":36},"end":{"line":64,"column":37}},"loc":{"start":{"line":64,"column":41},"end":{"line":64,"column":52}},"line":64},"5":{"name":"(anonymous_5)","decl":{"start":{"line":74,"column":43},"end":{"line":74,"column":44}},"loc":{"start":{"line":74,"column":55},"end":{"line":74,"column":66}},"line":74},"6":{"name":"(anonymous_6)","decl":{"start":{"line":110,"column":18},"end":{"line":110,"column":19}},"loc":{"start":{"line":111,"column":8},"end":{"line":126,"column":15}},"line":111},"7":{"name":"(anonymous_7)","decl":{"start":{"line":120,"column":21},"end":{"line":120,"column":22}},"loc":{"start":{"line":120,"column":30},"end":{"line":120,"column":46}},"line":120},"8":{"name":"(anonymous_8)","decl":{"start":{"line":121,"column":17},"end":{"line":121,"column":18}},"loc":{"start":{"line":121,"column":23},"end":{"line":121,"column":30}},"line":121},"9":{"name":"(anonymous_9)","decl":{"start":{"line":122,"column":20},"end":{"line":122,"column":21}},"loc":{"start":{"line":122,"column":29},"end":{"line":122,"column":44}},"line":122},"10":{"name":"(anonymous_10)","decl":{"start":{"line":124,"column":21},"end":{"line":124,"column":22}},"loc":{"start":{"line":124,"column":30},"end":{"line":124,"column":46}},"line":124}},"branchMap":{"0":{"loc":{"start":{"line":53,"column":13},"end":{"line":53,"column":70}},"type":"cond-expr","locations":[{"start":{"line":53,"column":33},"end":{"line":53,"column":63}},{"start":{"line":53,"column":66},"end":{"line":53,"column":70}}],"line":53},"1":{"loc":{"start":{"line":69,"column":4},"end":{"line":84,"column":5}},"type":"if","locations":[{"start":{"line":69,"column":4},"end":{"line":84,"column":5}},{"start":{},"end":{}}],"line":69},"2":{"loc":{"start":{"line":87,"column":2},"end":{"line":89,"column":3}},"type":"if","locations":[{"start":{"line":87,"column":2},"end":{"line":89,"column":3}},{"start":{},"end":{}}],"line":87},"3":{"loc":{"start":{"line":87,"column":6},"end":{"line":87,"column":32}},"type":"binary-expr","locations":[{"start":{"line":87,"column":6},"end":{"line":87,"column":18}},{"start":{"line":87,"column":22},"end":{"line":87,"column":32}}],"line":87},"4":{"loc":{"start":{"line":108,"column":7},"end":{"line":137,"column":13}},"type":"cond-expr","locations":[{"start":{"line":109,"column":8},"end":{"line":128,"column":13}},{"start":{"line":130,"column":6},"end":{"line":137,"column":13}}],"line":108},"5":{"loc":{"start":{"line":140,"column":7},"end":{"line":147,"column":13}},"type":"binary-expr","locations":[{"start":{"line":140,"column":7},"end":{"line":140,"column":22}},{"start":{"line":141,"column":6},"end":{"line":147,"column":13}}],"line":140}},"s":{"0":0,"1":0,"2":0,"3":0,"4":0,"5":0,"6":0,"7":0,"8":0,"9":0,"10":0,"11":0,"12":0,"13":0,"14":0,"15":0,"16":0,"17":0,"18":0,"19":0,"20":0,"21":0,"22":0,"23":0,"24":0,"25":0,"26":0,"27":0,"28":0,"29":0,"30":0,"31":0,"32":0,"33":0,"34":0,"35":0,"36":0,"37":0,"38":0},"f":{"0":0,"1":0,"2":0,"3":0,"4":0,"5":0,"6":0,"7":0,"8":0,"9":0,"10":0},"b":{"0":[0,0],"1":[0,0],"2":[0,0],"3":[0,0],"4":[0,0],"5":[0,0]}}
,"/Users/danielmolloy/Documents/projects/portfolio/routinee/app/edit/[id].tsx": {"path":"/Users/danielmolloy/Documents/projects/portfolio/routinee/app/edit/[id].tsx","statementMap":{"0":{"start":{"line":14,"column":17},"end":{"line":14,"column":39}},"1":{"start":{"line":15,"column":26},"end":{"line":15,"column":59}},"2":{"start":{"line":16,"column":44},"end":{"line":16,"column":65}},"3":{"start":{"line":18,"column":18},"end":{"line":27,"column":3}},"4":{"start":{"line":19,"column":4},"end":{"line":26,"column":5}},"5":{"start":{"line":20,"column":24},"end":{"line":20,"column":61}},"6":{"start":{"line":21,"column":6},"end":{"line":21,"column":118}},"7":{"start":{"line":21,"column":91},"end":{"line":21,"column":102}},"8":{"start":{"line":22,"column":6},"end":{"line":22,"column":110}},"9":{"start":{"line":22,"column":89},"end":{"line":22,"column":100}},"10":{"start":{"line":29,"column":2},"end":{"line":32,"column":8}},"11":{"start":{"line":30,"column":4},"end":{"line":30,"column":13}},"12":{"start":{"line":34,"column":2},"end":{"line":38,"column":3}},"13":{"start":{"line":35,"column":4},"end":{"line":37,"column":5}},"14":{"start":{"line":40,"column":21},"end":{"line":56,"column":3}},"15":{"start":{"line":41,"column":4},"end":{"line":43,"column":5}},"16":{"start":{"line":42,"column":6},"end":{"line":42,"column":13}},"17":{"start":{"line":44,"column":22},"end":{"line":44,"column":59}},"18":{"start":{"line":45,"column":23},"end":{"line":45,"column":57}},"19":{"start":{"line":46,"column":26},"end":{"line":46,"column":71}},"20":{"start":{"line":46,"column":59},"end":{"line":46,"column":70}},"21":{"start":{"line":47,"column":4},"end":{"line":47,"column":49}},"22":{"start":{"line":49,"column":4},"end":{"line":54,"column":5}},"23":{"start":{"line":50,"column":6},"end":{"line":50,"column":72}},"24":{"start":{"line":51,"column":6},"end":{"line":51,"column":25}},"25":{"start":{"line":53,"column":6},"end":{"line":53,"column":20}},"26":{"start":{"line":60,"column":2},"end":{"line":172,"column":3}},"27":{"start":{"line":69,"column":28},"end":{"line":69,"column":73}},"28":{"start":{"line":72,"column":7},"end":{"line":166,"column":14}},"29":{"start":{"line":112,"column":14},"end":{"line":114,"column":33}},"30":{"start":{"line":112,"column":47},"end":{"line":112,"column":66}},"31":{"start":{"line":124,"column":10},"end":{"line":156,"column":23}},"32":{"start":{"line":128,"column":12},"end":{"line":154,"column":19}},"33":{"start":{"line":133,"column":47},"end":{"line":133,"column":60}},"34":{"start":{"line":142,"column":18},"end":{"line":144,"column":25}},"35":{"start":{"line":161,"column":70},"end":{"line":161,"column":84}},"36":{"start":{"line":176,"column":15},"end":{"line":308,"column":2}}},"fnMap":{"0":{"name":"EditActivity","decl":{"start":{"line":13,"column":24},"end":{"line":13,"column":36}},"loc":{"start":{"line":13,"column":39},"end":{"line":173,"column":1}},"line":13},"1":{"name":"(anonymous_1)","decl":{"start":{"line":18,"column":18},"end":{"line":18,"column":19}},"loc":{"start":{"line":18,"column":30},"end":{"line":27,"column":3}},"line":18},"2":{"name":"(anonymous_2)","decl":{"start":{"line":21,"column":70},"end":{"line":21,"column":71}},"loc":{"start":{"line":21,"column":91},"end":{"line":21,"column":102}},"line":21},"3":{"name":"(anonymous_3)","decl":{"start":{"line":22,"column":68},"end":{"line":22,"column":69}},"loc":{"start":{"line":22,"column":89},"end":{"line":22,"column":100}},"line":22},"4":{"name":"(anonymous_4)","decl":{"start":{"line":29,"column":12},"end":{"line":29,"column":13}},"loc":{"start":{"line":29,"column":18},"end":{"line":32,"column":3}},"line":29},"5":{"name":"(anonymous_5)","decl":{"start":{"line":40,"column":21},"end":{"line":40,"column":22}},"loc":{"start":{"line":40,"column":55},"end":{"line":56,"column":3}},"line":40},"6":{"name":"(anonymous_6)","decl":{"start":{"line":46,"column":47},"end":{"line":46,"column":48}},"loc":{"start":{"line":46,"column":59},"end":{"line":46,"column":70}},"line":46},"7":{"name":"(anonymous_7)","decl":{"start":{"line":69,"column":18},"end":{"line":69,"column":19}},"loc":{"start":{"line":69,"column":28},"end":{"line":69,"column":73}},"line":69},"8":{"name":"(anonymous_8)","decl":{"start":{"line":71,"column":7},"end":{"line":71,"column":8}},"loc":{"start":{"line":72,"column":7},"end":{"line":166,"column":14}},"line":72},"9":{"name":"(anonymous_9)","decl":{"start":{"line":111,"column":26},"end":{"line":111,"column":27}},"loc":{"start":{"line":112,"column":14},"end":{"line":114,"column":33}},"line":112},"10":{"name":"(anonymous_10)","decl":{"start":{"line":112,"column":41},"end":{"line":112,"column":42}},"loc":{"start":{"line":112,"column":47},"end":{"line":112,"column":66}},"line":112},"11":{"name":"(anonymous_11)","decl":{"start":{"line":123,"column":11},"end":{"line":123,"column":12}},"loc":{"start":{"line":124,"column":10},"end":{"line":156,"column":23}},"line":124},"12":{"name":"(anonymous_12)","decl":{"start":{"line":127,"column":43},"end":{"line":127,"column":44}},"loc":{"start":{"line":128,"column":12},"end":{"line":154,"column":19}},"line":128},"13":{"name":"(anonymous_13)","decl":{"start":{"line":133,"column":41},"end":{"line":133,"column":42}},"loc":{"start":{"line":133,"column":47},"end":{"line":133,"column":60}},"line":133},"14":{"name":"(anonymous_14)","decl":{"start":{"line":141,"column":32},"end":{"line":141,"column":33}},"loc":{"start":{"line":142,"column":18},"end":{"line":144,"column":25}},"line":142},"15":{"name":"(anonymous_15)","decl":{"start":{"line":161,"column":64},"end":{"line":161,"column":65}},"loc":{"start":{"line":161,"column":70},"end":{"line":161,"column":84}},"line":161}},"branchMap":{"0":{"loc":{"start":{"line":21,"column":6},"end":{"line":21,"column":117}},"type":"cond-expr","locations":[{"start":{"line":21,"column":26},"end":{"line":21,"column":110}},{"start":{"line":21,"column":113},"end":{"line":21,"column":117}}],"line":21},"1":{"loc":{"start":{"line":22,"column":13},"end":{"line":22,"column":109}},"type":"cond-expr","locations":[{"start":{"line":22,"column":33},"end":{"line":22,"column":102}},{"start":{"line":22,"column":105},"end":{"line":22,"column":109}}],"line":22},"2":{"loc":{"start":{"line":34,"column":2},"end":{"line":38,"column":3}},"type":"if","locations":[{"start":{"line":34,"column":2},"end":{"line":38,"column":3}},{"start":{},"end":{}}],"line":34},"3":{"loc":{"start":{"line":41,"column":4},"end":{"line":43,"column":5}},"type":"if","locations":[{"start":{"line":41,"column":4},"end":{"line":43,"column":5}},{"start":{},"end":{}}],"line":41},"4":{"loc":{"start":{"line":45,"column":23},"end":{"line":45,"column":57}},"type":"binary-expr","locations":[{"start":{"line":45,"column":23},"end":{"line":45,"column":32}},{"start":{"line":45,"column":36},"end":{"line":45,"column":57}}],"line":45},"5":{"loc":{"start":{"line":113,"column":29},"end":{"line":113,"column":178}},"type":"cond-expr","locations":[{"start":{"line":113,"column":51},"end":{"line":113,"column":132}},{"start":{"line":113,"column":135},"end":{"line":113,"column":178}}],"line":113},"6":{"loc":{"start":{"line":125,"column":11},"end":{"line":155,"column":12}},"type":"cond-expr","locations":[{"start":{"line":126,"column":12},"end":{"line":126,"column":119}},{"start":{"line":127,"column":12},"end":{"line":155,"column":12}}],"line":125},"7":{"loc":{"start":{"line":137,"column":15},"end":{"line":139,"column":21}},"type":"binary-expr","locations":[{"start":{"line":137,"column":15},"end":{"line":137,"column":22}},{"start":{"line":137,"column":26},"end":{"line":139,"column":21}}],"line":137},"8":{"loc":{"start":{"line":140,"column":15},"end":{"line":146,"column":21}},"type":"binary-expr","locations":[{"start":{"line":140,"column":15},"end":{"line":140,"column":25}},{"start":{"line":140,"column":29},"end":{"line":146,"column":21}}],"line":140},"9":{"loc":{"start":{"line":147,"column":15},"end":{"line":149,"column":21}},"type":"binary-expr","locations":[{"start":{"line":147,"column":15},"end":{"line":147,"column":22}},{"start":{"line":147,"column":26},"end":{"line":149,"column":21}}],"line":147},"10":{"loc":{"start":{"line":150,"column":15},"end":{"line":153,"column":19}},"type":"binary-expr","locations":[{"start":{"line":150,"column":15},"end":{"line":150,"column":23}},{"start":{"line":150,"column":27},"end":{"line":150,"column":38}},{"start":{"line":150,"column":42},"end":{"line":150,"column":50}},{"start":{"line":151,"column":17},"end":{"line":153,"column":19}}],"line":150}},"s":{"0":0,"1":0,"2":0,"3":0,"4":0,"5":0,"6":0,"7":0,"8":0,"9":0,"10":0,"11":0,"12":0,"13":0,"14":0,"15":0,"16":0,"17":0,"18":0,"19":0,"20":0,"21":0,"22":0,"23":0,"24":0,"25":0,"26":0,"27":0,"28":0,"29":0,"30":0,"31":0,"32":0,"33":0,"34":0,"35":0,"36":0},"f":{"0":0,"1":0,"2":0,"3":0,"4":0,"5":0,"6":0,"7":0,"8":0,"9":0,"10":0,"11":0,"12":0,"13":0,"14":0,"15":0},"b":{"0":[0,0],"1":[0,0],"2":[0,0],"3":[0,0],"4":[0,0],"5":[0,0],"6":[0,0],"7":[0,0],"8":[0,0],"9":[0,0],"10":[0,0,0,0]}}
,"/Users/danielmolloy/Documents/projects/portfolio/routinee/components/CustomData.tsx": {"path":"/Users/danielmolloy/Documents/projects/portfolio/routinee/components/CustomData.tsx","statementMap":{"0":{"start":{"line":5,"column":2},"end":{"line":35,"column":3}},"1":{"start":{"line":38,"column":15},"end":{"line":41,"column":2}}},"fnMap":{"0":{"name":"CustomData","decl":{"start":{"line":4,"column":24},"end":{"line":4,"column":34}},"loc":{"start":{"line":4,"column":37},"end":{"line":36,"column":1}},"line":4},"1":{"name":"(anonymous_1)","decl":{"start":{"line":15,"column":26},"end":{"line":15,"column":27}},"loc":{"start":{"line":15,"column":32},"end":{"line":15,"column":34}},"line":15},"2":{"name":"(anonymous_2)","decl":{"start":{"line":16,"column":20},"end":{"line":16,"column":21}},"loc":{"start":{"line":16,"column":26},"end":{"line":16,"column":28}},"line":16}},"branchMap":{},"s":{"0":0,"1":0},"f":{"0":0,"1":0,"2":0},"b":{}}
,"/Users/danielmolloy/Documents/projects/portfolio/routinee/components/activityTab.tsx": {"path":"/Users/danielmolloy/Documents/projects/portfolio/routinee/components/activityTab.tsx","statementMap":{"0":{"start":{"line":28,"column":96},"end":{"line":28,"column":101}},"1":{"start":{"line":29,"column":36},"end":{"line":29,"column":51}},"2":{"start":{"line":32,"column":26},"end":{"line":38,"column":3}},"3":{"start":{"line":33,"column":4},"end":{"line":33,"column":22}},"4":{"start":{"line":34,"column":4},"end":{"line":36,"column":12}},"5":{"start":{"line":35,"column":6},"end":{"line":35,"column":26}},"6":{"start":{"line":41,"column":2},"end":{"line":95,"column":3}},"7":{"start":{"line":58,"column":61},"end":{"line":58,"column":89}},"8":{"start":{"line":60,"column":145},"end":{"line":60,"column":173}},"9":{"start":{"line":71,"column":73},"end":{"line":71,"column":95}},"10":{"start":{"line":82,"column":70},"end":{"line":82,"column":95}},"11":{"start":{"line":82,"column":96},"end":{"line":82,"column":113}},"12":{"start":{"line":93,"column":65},"end":{"line":93,"column":82}},"13":{"start":{"line":93,"column":99},"end":{"line":93,"column":108}},"14":{"start":{"line":93,"column":130},"end":{"line":93,"column":146}},"15":{"start":{"line":99,"column":17},"end":{"line":103,"column":1}},"16":{"start":{"line":107,"column":15},"end":{"line":150,"column":2}}},"fnMap":{"0":{"name":"ActivityTab","decl":{"start":{"line":27,"column":24},"end":{"line":27,"column":35}},"loc":{"start":{"line":27,"column":61},"end":{"line":96,"column":1}},"line":27},"1":{"name":"(anonymous_1)","decl":{"start":{"line":32,"column":26},"end":{"line":32,"column":27}},"loc":{"start":{"line":32,"column":32},"end":{"line":38,"column":3}},"line":32},"2":{"name":"(anonymous_2)","decl":{"start":{"line":34,"column":15},"end":{"line":34,"column":16}},"loc":{"start":{"line":34,"column":21},"end":{"line":36,"column":5}},"line":34},"3":{"name":"(anonymous_3)","decl":{"start":{"line":58,"column":51},"end":{"line":58,"column":52}},"loc":{"start":{"line":58,"column":61},"end":{"line":58,"column":89}},"line":58},"4":{"name":"(anonymous_4)","decl":{"start":{"line":60,"column":135},"end":{"line":60,"column":136}},"loc":{"start":{"line":60,"column":145},"end":{"line":60,"column":173}},"line":60},"5":{"name":"(anonymous_5)","decl":{"start":{"line":71,"column":67},"end":{"line":71,"column":68}},"loc":{"start":{"line":71,"column":73},"end":{"line":71,"column":95}},"line":71},"6":{"name":"(anonymous_6)","decl":{"start":{"line":82,"column":63},"end":{"line":82,"column":64}},"loc":{"start":{"line":82,"column":69},"end":{"line":82,"column":114}},"line":82},"7":{"name":"(anonymous_7)","decl":{"start":{"line":93,"column":55},"end":{"line":93,"column":56}},"loc":{"start":{"line":93,"column":65},"end":{"line":93,"column":82}},"line":93},"8":{"name":"(anonymous_8)","decl":{"start":{"line":93,"column":93},"end":{"line":93,"column":94}},"loc":{"start":{"line":93,"column":99},"end":{"line":93,"column":108}},"line":93},"9":{"name":"(anonymous_9)","decl":{"start":{"line":93,"column":122},"end":{"line":93,"column":123}},"loc":{"start":{"line":93,"column":130},"end":{"line":93,"column":146}},"line":93}},"branchMap":{"0":{"loc":{"start":{"line":42,"column":18},"end":{"line":42,"column":131}},"type":"cond-expr","locations":[{"start":{"line":42,"column":75},"end":{"line":42,"column":100}},{"start":{"line":42,"column":103},"end":{"line":42,"column":131}}],"line":42},"1":{"loc":{"start":{"line":42,"column":18},"end":{"line":42,"column":72}},"type":"binary-expr","locations":[{"start":{"line":42,"column":18},"end":{"line":42,"column":51}},{"start":{"line":42,"column":55},"end":{"line":42,"column":72}}],"line":42},"2":{"loc":{"start":{"line":56,"column":9},"end":{"line":60,"column":244}},"type":"cond-expr","locations":[{"start":{"line":57,"column":10},"end":{"line":57,"column":97}},{"start":{"line":58,"column":10},"end":{"line":60,"column":244}}],"line":56},"3":{"loc":{"start":{"line":58,"column":10},"end":{"line":60,"column":244}},"type":"cond-expr","locations":[{"start":{"line":59,"column":10},"end":{"line":59,"column":98}},{"start":{"line":60,"column":10},"end":{"line":60,"column":244}}],"line":58},"4":{"loc":{"start":{"line":63,"column":11},"end":{"line":74,"column":28}},"type":"binary-expr","locations":[{"start":{"line":63,"column":11},"end":{"line":63,"column":44}},{"start":{"line":65,"column":10},"end":{"line":74,"column":28}}],"line":63},"5":{"loc":{"start":{"line":78,"column":19},"end":{"line":78,"column":47}},"type":"cond-expr","locations":[{"start":{"line":78,"column":31},"end":{"line":78,"column":43}},{"start":{"line":78,"column":45},"end":{"line":78,"column":47}}],"line":78},"6":{"loc":{"start":{"line":92,"column":7},"end":{"line":93,"column":222}},"type":"binary-expr","locations":[{"start":{"line":92,"column":7},"end":{"line":92,"column":40}},{"start":{"line":92,"column":44},"end":{"line":92,"column":61}},{"start":{"line":93,"column":9},"end":{"line":93,"column":222}}],"line":92}},"s":{"0":0,"1":0,"2":0,"3":0,"4":0,"5":0,"6":0,"7":0,"8":0,"9":0,"10":0,"11":0,"12":0,"13":0,"14":0,"15":0,"16":0},"f":{"0":0,"1":0,"2":0,"3":0,"4":0,"5":0,"6":0,"7":0,"8":0,"9":0},"b":{"0":[0,0],"1":[0,0],"2":[0,0],"3":[0,0],"4":[0,0],"5":[0,0],"6":[0,0,0]}}
,"/Users/danielmolloy/Documents/projects/portfolio/routinee/components/calendar.tsx": {"path":"/Users/danielmolloy/Documents/projects/portfolio/routinee/components/calendar.tsx","statementMap":{"0":{"start":{"line":17,"column":65},"end":{"line":17,"column":70}},"1":{"start":{"line":20,"column":25},"end":{"line":30,"column":3}},"2":{"start":{"line":24,"column":19},"end":{"line":24,"column":21}},"3":{"start":{"line":25,"column":4},"end":{"line":28,"column":5}},"4":{"start":{"line":25,"column":17},"end":{"line":25,"column":18}},"5":{"start":{"line":26,"column":16},"end":{"line":26,"column":41}},"6":{"start":{"line":27,"column":6},"end":{"line":27,"column":60}},"7":{"start":{"line":29,"column":4},"end":{"line":29,"column":14}},"8":{"start":{"line":32,"column":2},"end":{"line":51,"column":4}},"9":{"start":{"line":36,"column":8},"end":{"line":36,"column":36}},"10":{"start":{"line":42,"column":41},"end":{"line":42,"column":68}}},"fnMap":{"0":{"name":"CalendarPicker","decl":{"start":{"line":16,"column":24},"end":{"line":16,"column":38}},"loc":{"start":{"line":16,"column":67},"end":{"line":52,"column":1}},"line":16},"1":{"name":"(anonymous_1)","decl":{"start":{"line":20,"column":25},"end":{"line":20,"column":26}},"loc":{"start":{"line":23,"column":10},"end":{"line":30,"column":3}},"line":23},"2":{"name":"(anonymous_2)","decl":{"start":{"line":35,"column":18},"end":{"line":35,"column":19}},"loc":{"start":{"line":35,"column":25},"end":{"line":37,"column":7}},"line":35},"3":{"name":"(anonymous_3)","decl":{"start":{"line":42,"column":36},"end":{"line":42,"column":37}},"loc":{"start":{"line":42,"column":41},"end":{"line":42,"column":68}},"line":42}},"branchMap":{"0":{"loc":{"start":{"line":42,"column":18},"end":{"line":42,"column":84}},"type":"cond-expr","locations":[{"start":{"line":42,"column":72},"end":{"line":42,"column":76}},{"start":{"line":42,"column":79},"end":{"line":42,"column":84}}],"line":42}},"s":{"0":0,"1":0,"2":0,"3":0,"4":0,"5":0,"6":0,"7":0,"8":0,"9":0,"10":0},"f":{"0":0,"1":0,"2":0,"3":0},"b":{"0":[0,0]}}
,"/Users/danielmolloy/Documents/projects/portfolio/routinee/components/dataform.tsx": {"path":"/Users/danielmolloy/Documents/projects/portfolio/routinee/components/dataform.tsx","statementMap":{"0":{"start":{"line":34,"column":84},"end":{"line":34,"column":89}},"1":{"start":{"line":35,"column":32},"end":{"line":35,"column":52}},"2":{"start":{"line":36,"column":46},"end":{"line":36,"column":61}},"3":{"start":{"line":37,"column":33},"end":{"line":41,"column":4}},"4":{"start":{"line":43,"column":23},"end":{"line":83,"column":3}},"5":{"start":{"line":44,"column":23},"end":{"line":44,"column":25}},"6":{"start":{"line":45,"column":19},"end":{"line":45,"column":70}},"7":{"start":{"line":46,"column":19},"end":{"line":46,"column":60}},"8":{"start":{"line":46,"column":34},"end":{"line":46,"column":59}},"9":{"start":{"line":47,"column":19},"end":{"line":47,"column":76}},"10":{"start":{"line":47,"column":49},"end":{"line":47,"column":75}},"11":{"start":{"line":48,"column":21},"end":{"line":48,"column":96}},"12":{"start":{"line":48,"column":74},"end":{"line":48,"column":95}},"13":{"start":{"line":50,"column":4},"end":{"line":52,"column":5}},"14":{"start":{"line":51,"column":6},"end":{"line":51,"column":29}},"15":{"start":{"line":54,"column":4},"end":{"line":56,"column":5}},"16":{"start":{"line":55,"column":6},"end":{"line":55,"column":34}},"17":{"start":{"line":57,"column":4},"end":{"line":59,"column":5}},"18":{"start":{"line":58,"column":6},"end":{"line":58,"column":34}},"19":{"start":{"line":60,"column":4},"end":{"line":62,"column":5}},"20":{"start":{"line":61,"column":6},"end":{"line":61,"column":35}},"21":{"start":{"line":65,"column":4},"end":{"line":82,"column":5}},"22":{"start":{"line":66,"column":6},"end":{"line":66,"column":72}},"23":{"start":{"line":67,"column":6},"end":{"line":67,"column":29}},"24":{"start":{"line":68,"column":6},"end":{"line":68,"column":72}},"25":{"start":{"line":71,"column":30},"end":{"line":71,"column":67}},"26":{"start":{"line":71,"column":47},"end":{"line":71,"column":66}},"27":{"start":{"line":72,"column":22},"end":{"line":72,"column":52}},"28":{"start":{"line":74,"column":6},"end":{"line":81,"column":7}},"29":{"start":{"line":75,"column":8},"end":{"line":75,"column":71}},"30":{"start":{"line":76,"column":8},"end":{"line":76,"column":17}},"31":{"start":{"line":77,"column":8},"end":{"line":77,"column":24}},"32":{"start":{"line":78,"column":8},"end":{"line":78,"column":26}},"33":{"start":{"line":80,"column":8},"end":{"line":80,"column":22}},"34":{"start":{"line":85,"column":23},"end":{"line":89,"column":3}},"35":{"start":{"line":86,"column":24},"end":{"line":86,"column":36}},"36":{"start":{"line":87,"column":4},"end":{"line":87,"column":28}},"37":{"start":{"line":88,"column":4},"end":{"line":88,"column":28}},"38":{"start":{"line":91,"column":2},"end":{"line":93,"column":3}},"39":{"start":{"line":92,"column":4},"end":{"line":92,"column":16}},"40":{"start":{"line":95,"column":19},"end":{"line":95,"column":53}},"41":{"start":{"line":95,"column":34},"end":{"line":95,"column":52}},"42":{"start":{"line":97,"column":2},"end":{"line":184,"column":3}},"43":{"start":{"line":108,"column":28},"end":{"line":108,"column":48}},"44":{"start":{"line":111,"column":7},"end":{"line":180,"column":14}},"45":{"start":{"line":150,"column":26},"end":{"line":150,"column":46}},"46":{"start":{"line":150,"column":47},"end":{"line":150,"column":65}},"47":{"start":{"line":177,"column":70},"end":{"line":177,"column":84}},"48":{"start":{"line":187,"column":15},"end":{"line":254,"column":2}}},"fnMap":{"0":{"name":"DataForm","decl":{"start":{"line":33,"column":24},"end":{"line":33,"column":32}},"loc":{"start":{"line":33,"column":55},"end":{"line":185,"column":1}},"line":33},"1":{"name":"(anonymous_1)","decl":{"start":{"line":43,"column":23},"end":{"line":43,"column":24}},"loc":{"start":{"line":43,"column":55},"end":{"line":83,"column":3}},"line":43},"2":{"name":"(anonymous_2)","decl":{"start":{"line":46,"column":29},"end":{"line":46,"column":30}},"loc":{"start":{"line":46,"column":34},"end":{"line":46,"column":59}},"line":46},"3":{"name":"(anonymous_3)","decl":{"start":{"line":47,"column":44},"end":{"line":47,"column":45}},"loc":{"start":{"line":47,"column":49},"end":{"line":47,"column":75}},"line":47},"4":{"name":"(anonymous_4)","decl":{"start":{"line":48,"column":69},"end":{"line":48,"column":70}},"loc":{"start":{"line":48,"column":74},"end":{"line":48,"column":95}},"line":48},"5":{"name":"(anonymous_5)","decl":{"start":{"line":71,"column":42},"end":{"line":71,"column":43}},"loc":{"start":{"line":71,"column":47},"end":{"line":71,"column":66}},"line":71},"6":{"name":"(anonymous_6)","decl":{"start":{"line":85,"column":23},"end":{"line":85,"column":24}},"loc":{"start":{"line":85,"column":58},"end":{"line":89,"column":3}},"line":85},"7":{"name":"(anonymous_7)","decl":{"start":{"line":95,"column":29},"end":{"line":95,"column":30}},"loc":{"start":{"line":95,"column":34},"end":{"line":95,"column":52}},"line":95},"8":{"name":"(anonymous_8)","decl":{"start":{"line":108,"column":18},"end":{"line":108,"column":19}},"loc":{"start":{"line":108,"column":28},"end":{"line":108,"column":48}},"line":108},"9":{"name":"(anonymous_9)","decl":{"start":{"line":110,"column":7},"end":{"line":110,"column":8}},"loc":{"start":{"line":111,"column":7},"end":{"line":180,"column":14}},"line":111},"10":{"name":"(anonymous_10)","decl":{"start":{"line":150,"column":19},"end":{"line":150,"column":20}},"loc":{"start":{"line":150,"column":25},"end":{"line":150,"column":66}},"line":150},"11":{"name":"(anonymous_11)","decl":{"start":{"line":177,"column":64},"end":{"line":177,"column":65}},"loc":{"start":{"line":177,"column":70},"end":{"line":177,"column":84}},"line":177}},"branchMap":{"0":{"loc":{"start":{"line":48,"column":74},"end":{"line":48,"column":95}},"type":"binary-expr","locations":[{"start":{"line":48,"column":74},"end":{"line":48,"column":82}},{"start":{"line":48,"column":86},"end":{"line":48,"column":95}}],"line":48},"1":{"loc":{"start":{"line":50,"column":4},"end":{"line":52,"column":5}},"type":"if","locations":[{"start":{"line":50,"column":4},"end":{"line":52,"column":5}},{"start":{},"end":{}}],"line":50},"2":{"loc":{"start":{"line":54,"column":4},"end":{"line":56,"column":5}},"type":"if","locations":[{"start":{"line":54,"column":4},"end":{"line":56,"column":5}},{"start":{},"end":{}}],"line":54},"3":{"loc":{"start":{"line":57,"column":4},"end":{"line":59,"column":5}},"type":"if","locations":[{"start":{"line":57,"column":4},"end":{"line":59,"column":5}},{"start":{},"end":{}}],"line":57},"4":{"loc":{"start":{"line":60,"column":4},"end":{"line":62,"column":5}},"type":"if","locations":[{"start":{"line":60,"column":4},"end":{"line":62,"column":5}},{"start":{},"end":{}}],"line":60},"5":{"loc":{"start":{"line":65,"column":4},"end":{"line":82,"column":5}},"type":"if","locations":[{"start":{"line":65,"column":4},"end":{"line":82,"column":5}},{"start":{},"end":{}}],"line":65},"6":{"loc":{"start":{"line":65,"column":8},"end":{"line":65,"column":51}},"type":"binary-expr","locations":[{"start":{"line":65,"column":8},"end":{"line":65,"column":39}},{"start":{"line":65,"column":43},"end":{"line":65,"column":51}}],"line":65},"7":{"loc":{"start":{"line":91,"column":2},"end":{"line":93,"column":3}},"type":"if","locations":[{"start":{"line":91,"column":2},"end":{"line":93,"column":3}},{"start":{},"end":{}}],"line":91},"8":{"loc":{"start":{"line":91,"column":6},"end":{"line":91,"column":32}},"type":"binary-expr","locations":[{"start":{"line":91,"column":6},"end":{"line":91,"column":18}},{"start":{"line":91,"column":22},"end":{"line":91,"column":32}}],"line":91},"9":{"loc":{"start":{"line":166,"column":23},"end":{"line":166,"column":177}},"type":"cond-expr","locations":[{"start":{"line":166,"column":95},"end":{"line":166,"column":146}},{"start":{"line":166,"column":149},"end":{"line":166,"column":177}}],"line":166},"10":{"loc":{"start":{"line":166,"column":23},"end":{"line":166,"column":91}},"type":"binary-expr","locations":[{"start":{"line":166,"column":23},"end":{"line":166,"column":45}},{"start":{"line":166,"column":49},"end":{"line":166,"column":91}}],"line":166}},"s":{"0":0,"1":0,"2":0,"3":0,"4":0,"5":0,"6":0,"7":0,"8":0,"9":0,"10":0,"11":0,"12":0,"13":0,"14":0,"15":0,"16":0,"17":0,"18":0,"19":0,"20":0,"21":0,"22":0,"23":0,"24":0,"25":0,"26":0,"27":0,"28":0,"29":0,"30":0,"31":0,"32":0,"33":0,"34":0,"35":0,"36":0,"37":0,"38":0,"39":0,"40":0,"41":0,"42":0,"43":0,"44":0,"45":0,"46":0,"47":0,"48":0},"f":{"0":0,"1":0,"2":0,"3":0,"4":0,"5":0,"6":0,"7":0,"8":0,"9":0,"10":0,"11":0},"b":{"0":[0,0],"1":[0,0],"2":[0,0],"3":[0,0],"4":[0,0],"5":[0,0],"6":[0,0],"7":[0,0],"8":[0,0],"9":[0,0],"10":[0,0]}}
,"/Users/danielmolloy/Documents/projects/portfolio/routinee/components/dayOverview.tsx": {"path":"/Users/danielmolloy/Documents/projects/portfolio/routinee/components/dayOverview.tsx","statementMap":{"0":{"start":{"line":13,"column":54},"end":{"line":13,"column":59}},"1":{"start":{"line":14,"column":33},"end":{"line":19,"column":4}},"2":{"start":{"line":21,"column":2},"end":{"line":23,"column":3}},"3":{"start":{"line":22,"column":4},"end":{"line":22,"column":16}},"4":{"start":{"line":25,"column":2},"end":{"line":58,"column":3}},"5":{"start":{"line":31,"column":8},"end":{"line":55,"column":15}},"6":{"start":{"line":50,"column":14},"end":{"line":52,"column":21}},"7":{"start":{"line":61,"column":15},"end":{"line":72,"column":2}}},"fnMap":{"0":{"name":"DayOverview","decl":{"start":{"line":12,"column":24},"end":{"line":12,"column":35}},"loc":{"start":{"line":12,"column":61},"end":{"line":59,"column":1}},"line":12},"1":{"name":"(anonymous_1)","decl":{"start":{"line":30,"column":21},"end":{"line":30,"column":22}},"loc":{"start":{"line":31,"column":8},"end":{"line":55,"column":15}},"line":31},"2":{"name":"(anonymous_2)","decl":{"start":{"line":49,"column":70},"end":{"line":49,"column":71}},"loc":{"start":{"line":50,"column":14},"end":{"line":52,"column":21}},"line":50}},"branchMap":{"0":{"loc":{"start":{"line":21,"column":2},"end":{"line":23,"column":3}},"type":"if","locations":[{"start":{"line":21,"column":2},"end":{"line":23,"column":3}},{"start":{},"end":{}}],"line":21},"1":{"loc":{"start":{"line":21,"column":6},"end":{"line":21,"column":32}},"type":"binary-expr","locations":[{"start":{"line":21,"column":6},"end":{"line":21,"column":18}},{"start":{"line":21,"column":22},"end":{"line":21,"column":32}}],"line":21},"2":{"loc":{"start":{"line":27,"column":7},"end":{"line":29,"column":13}},"type":"binary-expr","locations":[{"start":{"line":27,"column":7},"end":{"line":27,"column":29}},{"start":{"line":27,"column":33},"end":{"line":29,"column":13}}],"line":27},"3":{"loc":{"start":{"line":35,"column":11},"end":{"line":38,"column":17}},"type":"binary-expr","locations":[{"start":{"line":35,"column":11},"end":{"line":35,"column":19}},{"start":{"line":35,"column":23},"end":{"line":35,"column":34}},{"start":{"line":35,"column":38},"end":{"line":35,"column":46}},{"start":{"line":36,"column":13},"end":{"line":38,"column":17}}],"line":35},"4":{"loc":{"start":{"line":39,"column":11},"end":{"line":42,"column":17}},"type":"binary-expr","locations":[{"start":{"line":39,"column":11},"end":{"line":39,"column":18}},{"start":{"line":40,"column":13},"end":{"line":42,"column":17}}],"line":39},"5":{"loc":{"start":{"line":43,"column":11},"end":{"line":46,"column":17}},"type":"binary-expr","locations":[{"start":{"line":43,"column":11},"end":{"line":43,"column":18}},{"start":{"line":44,"column":13},"end":{"line":46,"column":17}}],"line":43},"6":{"loc":{"start":{"line":45,"column":20},"end":{"line":45,"column":45}},"type":"cond-expr","locations":[{"start":{"line":45,"column":30},"end":{"line":45,"column":37}},{"start":{"line":45,"column":40},"end":{"line":45,"column":45}}],"line":45},"7":{"loc":{"start":{"line":47,"column":11},"end":{"line":54,"column":17}},"type":"binary-expr","locations":[{"start":{"line":47,"column":11},"end":{"line":47,"column":21}},{"start":{"line":48,"column":13},"end":{"line":54,"column":17}}],"line":47},"8":{"loc":{"start":{"line":49,"column":13},"end":{"line":53,"column":23}},"type":"cond-expr","locations":[{"start":{"line":49,"column":51},"end":{"line":53,"column":15}},{"start":{"line":53,"column":18},"end":{"line":53,"column":23}}],"line":49},"9":{"loc":{"start":{"line":49,"column":13},"end":{"line":49,"column":48}},"type":"binary-expr","locations":[{"start":{"line":49,"column":13},"end":{"line":49,"column":23}},{"start":{"line":49,"column":27},"end":{"line":49,"column":48}}],"line":49}},"s":{"0":0,"1":0,"2":0,"3":0,"4":0,"5":0,"6":0,"7":0},"f":{"0":0,"1":0,"2":0},"b":{"0":[0,0],"1":[0,0],"2":[0,0],"3":[0,0,0,0],"4":[0,0],"5":[0,0],"6":[0,0],"7":[0,0],"8":[0,0],"9":[0,0]}}
,"/Users/danielmolloy/Documents/projects/portfolio/routinee/components/indexOverview.tsx": {"path":"/Users/danielmolloy/Documents/projects/portfolio/routinee/components/indexOverview.tsx","statementMap":{"0":{"start":{"line":17,"column":19},"end":{"line":17,"column":24}},"1":{"start":{"line":18,"column":42},"end":{"line":18,"column":105}},"2":{"start":{"line":20,"column":33},"end":{"line":24,"column":4}},"3":{"start":{"line":26,"column":21},"end":{"line":33,"column":3}},"4":{"start":{"line":27,"column":21},"end":{"line":27,"column":51}},"5":{"start":{"line":28,"column":4},"end":{"line":32,"column":5}},"6":{"start":{"line":29,"column":6},"end":{"line":29,"column":105}},"7":{"start":{"line":30,"column":11},"end":{"line":32,"column":5}},"8":{"start":{"line":31,"column":6},"end":{"line":31,"column":106}},"9":{"start":{"line":35,"column":21},"end":{"line":48,"column":3}},"10":{"start":{"line":36,"column":18},"end":{"line":36,"column":20}},"11":{"start":{"line":38,"column":4},"end":{"line":46,"column":5}},"12":{"start":{"line":38,"column":17},"end":{"line":38,"column":18}},"13":{"start":{"line":39,"column":26},"end":{"line":39,"column":107}},"14":{"start":{"line":40,"column":26},"end":{"line":40,"column":76}},"15":{"start":{"line":40,"column":51},"end":{"line":40,"column":75}},"16":{"start":{"line":41,"column":6},"end":{"line":45,"column":7}},"17":{"start":{"line":47,"column":4},"end":{"line":47,"column":19}},"18":{"start":{"line":50,"column":24},"end":{"line":60,"column":3}},"19":{"start":{"line":51,"column":18},"end":{"line":51,"column":20}},"20":{"start":{"line":53,"column":4},"end":{"line":58,"column":5}},"21":{"start":{"line":53,"column":17},"end":{"line":53,"column":18}},"22":{"start":{"line":54,"column":25},"end":{"line":54,"column":75}},"23":{"start":{"line":55,"column":6},"end":{"line":57,"column":7}},"24":{"start":{"line":59,"column":4},"end":{"line":59,"column":19}},"25":{"start":{"line":63,"column":2},"end":{"line":65,"column":3}},"26":{"start":{"line":64,"column":4},"end":{"line":64,"column":16}},"27":{"start":{"line":67,"column":2},"end":{"line":137,"column":3}},"28":{"start":{"line":71,"column":71},"end":{"line":71,"column":90}},"29":{"start":{"line":77,"column":71},"end":{"line":77,"column":89}},"30":{"start":{"line":84,"column":10},"end":{"line":98,"column":17}},"31":{"start":{"line":103,"column":8},"end":{"line":132,"column":15}},"32":{"start":{"line":109,"column":12},"end":{"line":129,"column":94}},"33":{"start":{"line":140,"column":15},"end":{"line":214,"column":2}}},"fnMap":{"0":{"name":"IndexOverview","decl":{"start":{"line":16,"column":24},"end":{"line":16,"column":37}},"loc":{"start":{"line":16,"column":65},"end":{"line":138,"column":1}},"line":16},"1":{"name":"(anonymous_1)","decl":{"start":{"line":26,"column":21},"end":{"line":26,"column":22}},"loc":{"start":{"line":26,"column":42},"end":{"line":33,"column":3}},"line":26},"2":{"name":"(anonymous_2)","decl":{"start":{"line":35,"column":21},"end":{"line":35,"column":22}},"loc":{"start":{"line":35,"column":59},"end":{"line":48,"column":3}},"line":35},"3":{"name":"(anonymous_3)","decl":{"start":{"line":40,"column":46},"end":{"line":40,"column":47}},"loc":{"start":{"line":40,"column":51},"end":{"line":40,"column":75}},"line":40},"4":{"name":"(anonymous_4)","decl":{"start":{"line":50,"column":24},"end":{"line":50,"column":25}},"loc":{"start":{"line":50,"column":42},"end":{"line":60,"column":3}},"line":50},"5":{"name":"(anonymous_5)","decl":{"start":{"line":71,"column":65},"end":{"line":71,"column":66}},"loc":{"start":{"line":71,"column":71},"end":{"line":71,"column":90}},"line":71},"6":{"name":"(anonymous_6)","decl":{"start":{"line":77,"column":65},"end":{"line":77,"column":66}},"loc":{"start":{"line":77,"column":71},"end":{"line":77,"column":89}},"line":77},"7":{"name":"(anonymous_7)","decl":{"start":{"line":83,"column":41},"end":{"line":83,"column":42}},"loc":{"start":{"line":84,"column":10},"end":{"line":98,"column":17}},"line":84},"8":{"name":"(anonymous_8)","decl":{"start":{"line":101,"column":16},"end":{"line":101,"column":17}},"loc":{"start":{"line":103,"column":8},"end":{"line":132,"column":15}},"line":103},"9":{"name":"(anonymous_9)","decl":{"start":{"line":108,"column":43},"end":{"line":108,"column":44}},"loc":{"start":{"line":109,"column":12},"end":{"line":129,"column":94}},"line":109}},"branchMap":{"0":{"loc":{"start":{"line":28,"column":4},"end":{"line":32,"column":5}},"type":"if","locations":[{"start":{"line":28,"column":4},"end":{"line":32,"column":5}},{"start":{"line":30,"column":11},"end":{"line":32,"column":5}}],"line":28},"1":{"loc":{"start":{"line":28,"column":8},"end":{"line":28,"column":77}},"type":"binary-expr","locations":[{"start":{"line":28,"column":8},"end":{"line":28,"column":25}},{"start":{"line":28,"column":29},"end":{"line":28,"column":77}}],"line":28},"2":{"loc":{"start":{"line":30,"column":11},"end":{"line":32,"column":5}},"type":"if","locations":[{"start":{"line":30,"column":11},"end":{"line":32,"column":5}},{"start":{},"end":{}}],"line":30},"3":{"loc":{"start":{"line":30,"column":15},"end":{"line":30,"column":103}},"type":"binary-expr","locations":[{"start":{"line":30,"column":15},"end":{"line":30,"column":33}},{"start":{"line":30,"column":37},"end":{"line":30,"column":103}}],"line":30},"4":{"loc":{"start":{"line":43,"column":21},"end":{"line":43,"column":57}},"type":"cond-expr","locations":[{"start":{"line":43,"column":37},"end":{"line":43,"column":47}},{"start":{"line":43,"column":50},"end":{"line":43,"column":57}}],"line":43},"5":{"loc":{"start":{"line":63,"column":2},"end":{"line":65,"column":3}},"type":"if","locations":[{"start":{"line":63,"column":2},"end":{"line":65,"column":3}},{"start":{},"end":{}}],"line":63},"6":{"loc":{"start":{"line":63,"column":6},"end":{"line":63,"column":32}},"type":"binary-expr","locations":[{"start":{"line":63,"column":6},"end":{"line":63,"column":18}},{"start":{"line":63,"column":22},"end":{"line":63,"column":32}}],"line":63},"7":{"loc":{"start":{"line":86,"column":14},"end":{"line":96,"column":19}},"type":"cond-expr","locations":[{"start":{"line":87,"column":16},"end":{"line":89,"column":21}},{"start":{"line":90,"column":16},"end":{"line":96,"column":19}}],"line":86},"8":{"loc":{"start":{"line":90,"column":16},"end":{"line":96,"column":19}},"type":"cond-expr","locations":[{"start":{"line":91,"column":15},"end":{"line":93,"column":21}},{"start":{"line":94,"column":16},"end":{"line":96,"column":19}}],"line":90},"9":{"loc":{"start":{"line":109,"column":12},"end":{"line":129,"column":94}},"type":"cond-expr","locations":[{"start":{"line":110,"column":14},"end":{"line":128,"column":32}},{"start":{"line":129,"column":14},"end":{"line":129,"column":94}}],"line":109}},"s":{"0":0,"1":0,"2":0,"3":0,"4":0,"5":0,"6":0,"7":0,"8":0,"9":0,"10":0,"11":0,"12":0,"13":0,"14":0,"15":0,"16":0,"17":0,"18":0,"19":0,"20":0,"21":0,"22":0,"23":0,"24":0,"25":0,"26":0,"27":0,"28":0,"29":0,"30":0,"31":0,"32":0,"33":0},"f":{"0":0,"1":0,"2":0,"3":0,"4":0,"5":0,"6":0,"7":0,"8":0,"9":0},"b":{"0":[0,0],"1":[0,0],"2":[0,0],"3":[0,0],"4":[0,0],"5":[0,0],"6":[0,0],"7":[0,0],"8":[0,0],"9":[0,0]}}
,"/Users/danielmolloy/Documents/projects/portfolio/routinee/components/loading.tsx": {"path":"/Users/danielmolloy/Documents/projects/portfolio/routinee/components/loading.tsx","statementMap":{"0":{"start":{"line":6,"column":2},"end":{"line":12,"column":3}},"1":{"start":{"line":15,"column":15},"end":{"line":29,"column":2}}},"fnMap":{"0":{"name":"Loading","decl":{"start":{"line":4,"column":24},"end":{"line":4,"column":31}},"loc":{"start":{"line":4,"column":34},"end":{"line":13,"column":1}},"line":4}},"branchMap":{},"s":{"0":1,"1":1},"f":{"0":1},"b":{},"_coverageSchema":"1a1c01bbd47fc00a2c39e90264f33305004495a9","hash":"38de3c3337b9d49ccdb0cd6a4e9a69303db9a41e"}
}
